2015/03/06 22:55:26 [error] [exception.CException] exception 'CException' with message 'AdminController cannot find the requested view "login".' in /opt/lampp/htdocs/fhuiguide/yy/framework/web/CController.php:878
Stack trace:
#0 /opt/lampp/htdocs/fhuiguide/yy/framework/web/CController.php(782): CController->renderPartial('login', Array, true)
#1 /opt/lampp/htdocs/fhuiguide/protected/controllers/AdminController.php(18): CController->render('login', Array)
#2 /opt/lampp/htdocs/fhuiguide/yy/framework/web/actions/CInlineAction.php(49): AdminController->actionIndex()
#3 /opt/lampp/htdocs/fhuiguide/yy/framework/web/CController.php(308): CInlineAction->runWithParams(Array)
#4 /opt/lampp/htdocs/fhuiguide/yy/framework/web/CController.php(286): CController->runAction(Object(CInlineAction))
#5 /opt/lampp/htdocs/fhuiguide/yy/framework/web/CController.php(265): CController->runActionWithFilters(Object(CInlineAction), Array)
#6 /opt/lampp/htdocs/fhuiguide/yy/framework/web/CWebApplication.php(282): CController->run('')
#7 /opt/lampp/htdocs/fhuiguide/yy/framework/web/CWebApplication.php(141): CWebApplication->runController('admin')
#8 /opt/lampp/htdocs/fhuiguide/yy/framework/base/CApplication.php(184): CWebApplication->processRequest()
#9 /opt/lampp/htdocs/fhuiguide/index.php(13): CApplication->run()
#10 {main}
REQUEST_URI=/fhuiguide/index.php?r=admin
---
2015/03/06 22:56:24 [error] [exception.CException] exception 'CException' with message 'AdminController cannot find the requested view "admin/login".' in /opt/lampp/htdocs/fhuiguide/yy/framework/web/CController.php:878
Stack trace:
#0 /opt/lampp/htdocs/fhuiguide/yy/framework/web/CController.php(782): CController->renderPartial('admin/login', Array, true)
#1 /opt/lampp/htdocs/fhuiguide/protected/controllers/AdminController.php(18): CController->render('admin/login', Array)
#2 /opt/lampp/htdocs/fhuiguide/yy/framework/web/actions/CInlineAction.php(49): AdminController->actionIndex()
#3 /opt/lampp/htdocs/fhuiguide/yy/framework/web/CController.php(308): CInlineAction->runWithParams(Array)
#4 /opt/lampp/htdocs/fhuiguide/yy/framework/web/CController.php(286): CController->runAction(Object(CInlineAction))
#5 /opt/lampp/htdocs/fhuiguide/yy/framework/web/CController.php(265): CController->runActionWithFilters(Object(CInlineAction), Array)
#6 /opt/lampp/htdocs/fhuiguide/yy/framework/web/CWebApplication.php(282): CController->run('')
#7 /opt/lampp/htdocs/fhuiguide/yy/framework/web/CWebApplication.php(141): CWebApplication->runController('admin')
#8 /opt/lampp/htdocs/fhuiguide/yy/framework/base/CApplication.php(184): CWebApplication->processRequest()
#9 /opt/lampp/htdocs/fhuiguide/index.php(13): CApplication->run()
#10 {main}
REQUEST_URI=/fhuiguide/index.php?r=admin
---
2015/03/06 22:56:25 [error] [exception.CException] exception 'CException' with message 'AdminController cannot find the requested view "admin/login".' in /opt/lampp/htdocs/fhuiguide/yy/framework/web/CController.php:878
Stack trace:
#0 /opt/lampp/htdocs/fhuiguide/yy/framework/web/CController.php(782): CController->renderPartial('admin/login', Array, true)
#1 /opt/lampp/htdocs/fhuiguide/protected/controllers/AdminController.php(18): CController->render('admin/login', Array)
#2 /opt/lampp/htdocs/fhuiguide/yy/framework/web/actions/CInlineAction.php(49): AdminController->actionIndex()
#3 /opt/lampp/htdocs/fhuiguide/yy/framework/web/CController.php(308): CInlineAction->runWithParams(Array)
#4 /opt/lampp/htdocs/fhuiguide/yy/framework/web/CController.php(286): CController->runAction(Object(CInlineAction))
#5 /opt/lampp/htdocs/fhuiguide/yy/framework/web/CController.php(265): CController->runActionWithFilters(Object(CInlineAction), Array)
#6 /opt/lampp/htdocs/fhuiguide/yy/framework/web/CWebApplication.php(282): CController->run('')
#7 /opt/lampp/htdocs/fhuiguide/yy/framework/web/CWebApplication.php(141): CWebApplication->runController('admin')
#8 /opt/lampp/htdocs/fhuiguide/yy/framework/base/CApplication.php(184): CWebApplication->processRequest()
#9 /opt/lampp/htdocs/fhuiguide/index.php(13): CApplication->run()
#10 {main}
REQUEST_URI=/fhuiguide/index.php?r=admin
---
2015/03/06 22:56:26 [error] [exception.CException] exception 'CException' with message 'AdminController cannot find the requested view "admin/login".' in /opt/lampp/htdocs/fhuiguide/yy/framework/web/CController.php:878
Stack trace:
#0 /opt/lampp/htdocs/fhuiguide/yy/framework/web/CController.php(782): CController->renderPartial('admin/login', Array, true)
#1 /opt/lampp/htdocs/fhuiguide/protected/controllers/AdminController.php(18): CController->render('admin/login', Array)
#2 /opt/lampp/htdocs/fhuiguide/yy/framework/web/actions/CInlineAction.php(49): AdminController->actionIndex()
#3 /opt/lampp/htdocs/fhuiguide/yy/framework/web/CController.php(308): CInlineAction->runWithParams(Array)
#4 /opt/lampp/htdocs/fhuiguide/yy/framework/web/CController.php(286): CController->runAction(Object(CInlineAction))
#5 /opt/lampp/htdocs/fhuiguide/yy/framework/web/CController.php(265): CController->runActionWithFilters(Object(CInlineAction), Array)
#6 /opt/lampp/htdocs/fhuiguide/yy/framework/web/CWebApplication.php(282): CController->run('')
#7 /opt/lampp/htdocs/fhuiguide/yy/framework/web/CWebApplication.php(141): CWebApplication->runController('admin')
#8 /opt/lampp/htdocs/fhuiguide/yy/framework/base/CApplication.php(184): CWebApplication->processRequest()
#9 /opt/lampp/htdocs/fhuiguide/index.php(13): CApplication->run()
#10 {main}
REQUEST_URI=/fhuiguide/index.php?r=admin
---
2015/03/06 22:56:27 [error] [exception.CException] exception 'CException' with message 'AdminController cannot find the requested view "admin/login".' in /opt/lampp/htdocs/fhuiguide/yy/framework/web/CController.php:878
Stack trace:
#0 /opt/lampp/htdocs/fhuiguide/yy/framework/web/CController.php(782): CController->renderPartial('admin/login', Array, true)
#1 /opt/lampp/htdocs/fhuiguide/protected/controllers/AdminController.php(18): CController->render('admin/login', Array)
#2 /opt/lampp/htdocs/fhuiguide/yy/framework/web/actions/CInlineAction.php(49): AdminController->actionIndex()
#3 /opt/lampp/htdocs/fhuiguide/yy/framework/web/CController.php(308): CInlineAction->runWithParams(Array)
#4 /opt/lampp/htdocs/fhuiguide/yy/framework/web/CController.php(286): CController->runAction(Object(CInlineAction))
#5 /opt/lampp/htdocs/fhuiguide/yy/framework/web/CController.php(265): CController->runActionWithFilters(Object(CInlineAction), Array)
#6 /opt/lampp/htdocs/fhuiguide/yy/framework/web/CWebApplication.php(282): CController->run('')
#7 /opt/lampp/htdocs/fhuiguide/yy/framework/web/CWebApplication.php(141): CWebApplication->runController('admin')
#8 /opt/lampp/htdocs/fhuiguide/yy/framework/base/CApplication.php(184): CWebApplication->processRequest()
#9 /opt/lampp/htdocs/fhuiguide/index.php(13): CApplication->run()
#10 {main}
REQUEST_URI=/fhuiguide/index.php?r=admin
---
2015/03/06 22:56:27 [error] [exception.CException] exception 'CException' with message 'AdminController cannot find the requested view "admin/login".' in /opt/lampp/htdocs/fhuiguide/yy/framework/web/CController.php:878
Stack trace:
#0 /opt/lampp/htdocs/fhuiguide/yy/framework/web/CController.php(782): CController->renderPartial('admin/login', Array, true)
#1 /opt/lampp/htdocs/fhuiguide/protected/controllers/AdminController.php(18): CController->render('admin/login', Array)
#2 /opt/lampp/htdocs/fhuiguide/yy/framework/web/actions/CInlineAction.php(49): AdminController->actionIndex()
#3 /opt/lampp/htdocs/fhuiguide/yy/framework/web/CController.php(308): CInlineAction->runWithParams(Array)
#4 /opt/lampp/htdocs/fhuiguide/yy/framework/web/CController.php(286): CController->runAction(Object(CInlineAction))
#5 /opt/lampp/htdocs/fhuiguide/yy/framework/web/CController.php(265): CController->runActionWithFilters(Object(CInlineAction), Array)
#6 /opt/lampp/htdocs/fhuiguide/yy/framework/web/CWebApplication.php(282): CController->run('')
#7 /opt/lampp/htdocs/fhuiguide/yy/framework/web/CWebApplication.php(141): CWebApplication->runController('admin')
#8 /opt/lampp/htdocs/fhuiguide/yy/framework/base/CApplication.php(184): CWebApplication->processRequest()
#9 /opt/lampp/htdocs/fhuiguide/index.php(13): CApplication->run()
#10 {main}
REQUEST_URI=/fhuiguide/index.php?r=admin
---
2015/03/06 22:56:27 [error] [exception.CException] exception 'CException' with message 'AdminController cannot find the requested view "admin/login".' in /opt/lampp/htdocs/fhuiguide/yy/framework/web/CController.php:878
Stack trace:
#0 /opt/lampp/htdocs/fhuiguide/yy/framework/web/CController.php(782): CController->renderPartial('admin/login', Array, true)
#1 /opt/lampp/htdocs/fhuiguide/protected/controllers/AdminController.php(18): CController->render('admin/login', Array)
#2 /opt/lampp/htdocs/fhuiguide/yy/framework/web/actions/CInlineAction.php(49): AdminController->actionIndex()
#3 /opt/lampp/htdocs/fhuiguide/yy/framework/web/CController.php(308): CInlineAction->runWithParams(Array)
#4 /opt/lampp/htdocs/fhuiguide/yy/framework/web/CController.php(286): CController->runAction(Object(CInlineAction))
#5 /opt/lampp/htdocs/fhuiguide/yy/framework/web/CController.php(265): CController->runActionWithFilters(Object(CInlineAction), Array)
#6 /opt/lampp/htdocs/fhuiguide/yy/framework/web/CWebApplication.php(282): CController->run('')
#7 /opt/lampp/htdocs/fhuiguide/yy/framework/web/CWebApplication.php(141): CWebApplication->runController('admin')
#8 /opt/lampp/htdocs/fhuiguide/yy/framework/base/CApplication.php(184): CWebApplication->processRequest()
#9 /opt/lampp/htdocs/fhuiguide/index.php(13): CApplication->run()
#10 {main}
REQUEST_URI=/fhuiguide/index.php?r=admin
---
2015/03/06 22:56:28 [error] [exception.CException] exception 'CException' with message 'AdminController cannot find the requested view "admin/login".' in /opt/lampp/htdocs/fhuiguide/yy/framework/web/CController.php:878
Stack trace:
#0 /opt/lampp/htdocs/fhuiguide/yy/framework/web/CController.php(782): CController->renderPartial('admin/login', Array, true)
#1 /opt/lampp/htdocs/fhuiguide/protected/controllers/AdminController.php(18): CController->render('admin/login', Array)
#2 /opt/lampp/htdocs/fhuiguide/yy/framework/web/actions/CInlineAction.php(49): AdminController->actionIndex()
#3 /opt/lampp/htdocs/fhuiguide/yy/framework/web/CController.php(308): CInlineAction->runWithParams(Array)
#4 /opt/lampp/htdocs/fhuiguide/yy/framework/web/CController.php(286): CController->runAction(Object(CInlineAction))
#5 /opt/lampp/htdocs/fhuiguide/yy/framework/web/CController.php(265): CController->runActionWithFilters(Object(CInlineAction), Array)
#6 /opt/lampp/htdocs/fhuiguide/yy/framework/web/CWebApplication.php(282): CController->run('')
#7 /opt/lampp/htdocs/fhuiguide/yy/framework/web/CWebApplication.php(141): CWebApplication->runController('admin')
#8 /opt/lampp/htdocs/fhuiguide/yy/framework/base/CApplication.php(184): CWebApplication->processRequest()
#9 /opt/lampp/htdocs/fhuiguide/index.php(13): CApplication->run()
#10 {main}
REQUEST_URI=/fhuiguide/index.php?r=admin
---
2015/03/06 22:56:28 [error] [exception.CException] exception 'CException' with message 'AdminController cannot find the requested view "admin/login".' in /opt/lampp/htdocs/fhuiguide/yy/framework/web/CController.php:878
Stack trace:
#0 /opt/lampp/htdocs/fhuiguide/yy/framework/web/CController.php(782): CController->renderPartial('admin/login', Array, true)
#1 /opt/lampp/htdocs/fhuiguide/protected/controllers/AdminController.php(18): CController->render('admin/login', Array)
#2 /opt/lampp/htdocs/fhuiguide/yy/framework/web/actions/CInlineAction.php(49): AdminController->actionIndex()
#3 /opt/lampp/htdocs/fhuiguide/yy/framework/web/CController.php(308): CInlineAction->runWithParams(Array)
#4 /opt/lampp/htdocs/fhuiguide/yy/framework/web/CController.php(286): CController->runAction(Object(CInlineAction))
#5 /opt/lampp/htdocs/fhuiguide/yy/framework/web/CController.php(265): CController->runActionWithFilters(Object(CInlineAction), Array)
#6 /opt/lampp/htdocs/fhuiguide/yy/framework/web/CWebApplication.php(282): CController->run('')
#7 /opt/lampp/htdocs/fhuiguide/yy/framework/web/CWebApplication.php(141): CWebApplication->runController('admin')
#8 /opt/lampp/htdocs/fhuiguide/yy/framework/base/CApplication.php(184): CWebApplication->processRequest()
#9 /opt/lampp/htdocs/fhuiguide/index.php(13): CApplication->run()
#10 {main}
REQUEST_URI=/fhuiguide/index.php?r=admin
---
2015/03/06 22:56:37 [error] [exception.CException] exception 'CException' with message 'AdminController cannot find the requested view "//admin/login".' in /opt/lampp/htdocs/fhuiguide/yy/framework/web/CController.php:878
Stack trace:
#0 /opt/lampp/htdocs/fhuiguide/yy/framework/web/CController.php(782): CController->renderPartial('//admin/login', Array, true)
#1 /opt/lampp/htdocs/fhuiguide/protected/controllers/AdminController.php(18): CController->render('//admin/login', Array)
#2 /opt/lampp/htdocs/fhuiguide/yy/framework/web/actions/CInlineAction.php(49): AdminController->actionIndex()
#3 /opt/lampp/htdocs/fhuiguide/yy/framework/web/CController.php(308): CInlineAction->runWithParams(Array)
#4 /opt/lampp/htdocs/fhuiguide/yy/framework/web/CController.php(286): CController->runAction(Object(CInlineAction))
#5 /opt/lampp/htdocs/fhuiguide/yy/framework/web/CController.php(265): CController->runActionWithFilters(Object(CInlineAction), Array)
#6 /opt/lampp/htdocs/fhuiguide/yy/framework/web/CWebApplication.php(282): CController->run('')
#7 /opt/lampp/htdocs/fhuiguide/yy/framework/web/CWebApplication.php(141): CWebApplication->runController('admin')
#8 /opt/lampp/htdocs/fhuiguide/yy/framework/base/CApplication.php(184): CWebApplication->processRequest()
#9 /opt/lampp/htdocs/fhuiguide/index.php(13): CApplication->run()
#10 {main}
REQUEST_URI=/fhuiguide/index.php?r=admin
---
2015/03/06 22:56:44 [error] [exception.CException] exception 'CException' with message 'AdminController cannot find the requested view "admin/login".' in /opt/lampp/htdocs/fhuiguide/yy/framework/web/CController.php:878
Stack trace:
#0 /opt/lampp/htdocs/fhuiguide/yy/framework/web/CController.php(782): CController->renderPartial('admin/login', Array, true)
#1 /opt/lampp/htdocs/fhuiguide/protected/controllers/AdminController.php(18): CController->render('admin/login', Array)
#2 /opt/lampp/htdocs/fhuiguide/yy/framework/web/actions/CInlineAction.php(49): AdminController->actionIndex()
#3 /opt/lampp/htdocs/fhuiguide/yy/framework/web/CController.php(308): CInlineAction->runWithParams(Array)
#4 /opt/lampp/htdocs/fhuiguide/yy/framework/web/CController.php(286): CController->runAction(Object(CInlineAction))
#5 /opt/lampp/htdocs/fhuiguide/yy/framework/web/CController.php(265): CController->runActionWithFilters(Object(CInlineAction), Array)
#6 /opt/lampp/htdocs/fhuiguide/yy/framework/web/CWebApplication.php(282): CController->run('')
#7 /opt/lampp/htdocs/fhuiguide/yy/framework/web/CWebApplication.php(141): CWebApplication->runController('admin')
#8 /opt/lampp/htdocs/fhuiguide/yy/framework/base/CApplication.php(184): CWebApplication->processRequest()
#9 /opt/lampp/htdocs/fhuiguide/index.php(13): CApplication->run()
#10 {main}
REQUEST_URI=/fhuiguide/index.php?r=admin
---
2015/03/06 22:56:45 [error] [exception.CException] exception 'CException' with message 'AdminController cannot find the requested view "admin/login".' in /opt/lampp/htdocs/fhuiguide/yy/framework/web/CController.php:878
Stack trace:
#0 /opt/lampp/htdocs/fhuiguide/yy/framework/web/CController.php(782): CController->renderPartial('admin/login', Array, true)
#1 /opt/lampp/htdocs/fhuiguide/protected/controllers/AdminController.php(18): CController->render('admin/login', Array)
#2 /opt/lampp/htdocs/fhuiguide/yy/framework/web/actions/CInlineAction.php(49): AdminController->actionIndex()
#3 /opt/lampp/htdocs/fhuiguide/yy/framework/web/CController.php(308): CInlineAction->runWithParams(Array)
#4 /opt/lampp/htdocs/fhuiguide/yy/framework/web/CController.php(286): CController->runAction(Object(CInlineAction))
#5 /opt/lampp/htdocs/fhuiguide/yy/framework/web/CController.php(265): CController->runActionWithFilters(Object(CInlineAction), Array)
#6 /opt/lampp/htdocs/fhuiguide/yy/framework/web/CWebApplication.php(282): CController->run('')
#7 /opt/lampp/htdocs/fhuiguide/yy/framework/web/CWebApplication.php(141): CWebApplication->runController('admin')
#8 /opt/lampp/htdocs/fhuiguide/yy/framework/base/CApplication.php(184): CWebApplication->processRequest()
#9 /opt/lampp/htdocs/fhuiguide/index.php(13): CApplication->run()
#10 {main}
REQUEST_URI=/fhuiguide/index.php?r=admin
---
2015/03/06 22:56:45 [error] [exception.CException] exception 'CException' with message 'AdminController cannot find the requested view "admin/login".' in /opt/lampp/htdocs/fhuiguide/yy/framework/web/CController.php:878
Stack trace:
#0 /opt/lampp/htdocs/fhuiguide/yy/framework/web/CController.php(782): CController->renderPartial('admin/login', Array, true)
#1 /opt/lampp/htdocs/fhuiguide/protected/controllers/AdminController.php(18): CController->render('admin/login', Array)
#2 /opt/lampp/htdocs/fhuiguide/yy/framework/web/actions/CInlineAction.php(49): AdminController->actionIndex()
#3 /opt/lampp/htdocs/fhuiguide/yy/framework/web/CController.php(308): CInlineAction->runWithParams(Array)
#4 /opt/lampp/htdocs/fhuiguide/yy/framework/web/CController.php(286): CController->runAction(Object(CInlineAction))
#5 /opt/lampp/htdocs/fhuiguide/yy/framework/web/CController.php(265): CController->runActionWithFilters(Object(CInlineAction), Array)
#6 /opt/lampp/htdocs/fhuiguide/yy/framework/web/CWebApplication.php(282): CController->run('')
#7 /opt/lampp/htdocs/fhuiguide/yy/framework/web/CWebApplication.php(141): CWebApplication->runController('admin')
#8 /opt/lampp/htdocs/fhuiguide/yy/framework/base/CApplication.php(184): CWebApplication->processRequest()
#9 /opt/lampp/htdocs/fhuiguide/index.php(13): CApplication->run()
#10 {main}
REQUEST_URI=/fhuiguide/index.php?r=admin
---
2015/03/06 22:56:51 [error] [exception.CException] exception 'CException' with message 'AdminController cannot find the requested view "/admin/login".' in /opt/lampp/htdocs/fhuiguide/yy/framework/web/CController.php:878
Stack trace:
#0 /opt/lampp/htdocs/fhuiguide/yy/framework/web/CController.php(782): CController->renderPartial('/admin/login', Array, true)
#1 /opt/lampp/htdocs/fhuiguide/protected/controllers/AdminController.php(18): CController->render('/admin/login', Array)
#2 /opt/lampp/htdocs/fhuiguide/yy/framework/web/actions/CInlineAction.php(49): AdminController->actionIndex()
#3 /opt/lampp/htdocs/fhuiguide/yy/framework/web/CController.php(308): CInlineAction->runWithParams(Array)
#4 /opt/lampp/htdocs/fhuiguide/yy/framework/web/CController.php(286): CController->runAction(Object(CInlineAction))
#5 /opt/lampp/htdocs/fhuiguide/yy/framework/web/CController.php(265): CController->runActionWithFilters(Object(CInlineAction), Array)
#6 /opt/lampp/htdocs/fhuiguide/yy/framework/web/CWebApplication.php(282): CController->run('')
#7 /opt/lampp/htdocs/fhuiguide/yy/framework/web/CWebApplication.php(141): CWebApplication->runController('admin')
#8 /opt/lampp/htdocs/fhuiguide/yy/framework/base/CApplication.php(184): CWebApplication->processRequest()
#9 /opt/lampp/htdocs/fhuiguide/index.php(13): CApplication->run()
#10 {main}
REQUEST_URI=/fhuiguide/index.php?r=admin
---
2015/03/06 22:57:14 [error] [exception.CException] exception 'CException' with message 'AdminController cannot find the requested view "login".' in /opt/lampp/htdocs/fhuiguide/yy/framework/web/CController.php:878
Stack trace:
#0 /opt/lampp/htdocs/fhuiguide/yy/framework/web/CController.php(782): CController->renderPartial('login', Array, true)
#1 /opt/lampp/htdocs/fhuiguide/protected/controllers/AdminController.php(18): CController->render('login', Array)
#2 /opt/lampp/htdocs/fhuiguide/yy/framework/web/actions/CInlineAction.php(49): AdminController->actionIndex()
#3 /opt/lampp/htdocs/fhuiguide/yy/framework/web/CController.php(308): CInlineAction->runWithParams(Array)
#4 /opt/lampp/htdocs/fhuiguide/yy/framework/web/CController.php(286): CController->runAction(Object(CInlineAction))
#5 /opt/lampp/htdocs/fhuiguide/yy/framework/web/CController.php(265): CController->runActionWithFilters(Object(CInlineAction), Array)
#6 /opt/lampp/htdocs/fhuiguide/yy/framework/web/CWebApplication.php(282): CController->run('')
#7 /opt/lampp/htdocs/fhuiguide/yy/framework/web/CWebApplication.php(141): CWebApplication->runController('admin')
#8 /opt/lampp/htdocs/fhuiguide/yy/framework/base/CApplication.php(184): CWebApplication->processRequest()
#9 /opt/lampp/htdocs/fhuiguide/index.php(13): CApplication->run()
#10 {main}
REQUEST_URI=/fhuiguide/index.php?r=admin
---
2015/03/06 22:57:15 [error] [exception.CException] exception 'CException' with message 'AdminController cannot find the requested view "login".' in /opt/lampp/htdocs/fhuiguide/yy/framework/web/CController.php:878
Stack trace:
#0 /opt/lampp/htdocs/fhuiguide/yy/framework/web/CController.php(782): CController->renderPartial('login', Array, true)
#1 /opt/lampp/htdocs/fhuiguide/protected/controllers/AdminController.php(18): CController->render('login', Array)
#2 /opt/lampp/htdocs/fhuiguide/yy/framework/web/actions/CInlineAction.php(49): AdminController->actionIndex()
#3 /opt/lampp/htdocs/fhuiguide/yy/framework/web/CController.php(308): CInlineAction->runWithParams(Array)
#4 /opt/lampp/htdocs/fhuiguide/yy/framework/web/CController.php(286): CController->runAction(Object(CInlineAction))
#5 /opt/lampp/htdocs/fhuiguide/yy/framework/web/CController.php(265): CController->runActionWithFilters(Object(CInlineAction), Array)
#6 /opt/lampp/htdocs/fhuiguide/yy/framework/web/CWebApplication.php(282): CController->run('')
#7 /opt/lampp/htdocs/fhuiguide/yy/framework/web/CWebApplication.php(141): CWebApplication->runController('admin')
#8 /opt/lampp/htdocs/fhuiguide/yy/framework/base/CApplication.php(184): CWebApplication->processRequest()
#9 /opt/lampp/htdocs/fhuiguide/index.php(13): CApplication->run()
#10 {main}
REQUEST_URI=/fhuiguide/index.php?r=admin
---
2015/03/06 22:58:07 [error] [exception.CException] exception 'CException' with message 'AdminController cannot find the requested view "index".' in /opt/lampp/htdocs/fhuiguide/yy/framework/web/CController.php:878
Stack trace:
#0 /opt/lampp/htdocs/fhuiguide/yy/framework/web/CController.php(782): CController->renderPartial('index', Array, true)
#1 /opt/lampp/htdocs/fhuiguide/protected/controllers/AdminController.php(18): CController->render('index', Array)
#2 /opt/lampp/htdocs/fhuiguide/yy/framework/web/actions/CInlineAction.php(49): AdminController->actionIndex()
#3 /opt/lampp/htdocs/fhuiguide/yy/framework/web/CController.php(308): CInlineAction->runWithParams(Array)
#4 /opt/lampp/htdocs/fhuiguide/yy/framework/web/CController.php(286): CController->runAction(Object(CInlineAction))
#5 /opt/lampp/htdocs/fhuiguide/yy/framework/web/CController.php(265): CController->runActionWithFilters(Object(CInlineAction), Array)
#6 /opt/lampp/htdocs/fhuiguide/yy/framework/web/CWebApplication.php(282): CController->run('')
#7 /opt/lampp/htdocs/fhuiguide/yy/framework/web/CWebApplication.php(141): CWebApplication->runController('admin')
#8 /opt/lampp/htdocs/fhuiguide/yy/framework/base/CApplication.php(184): CWebApplication->processRequest()
#9 /opt/lampp/htdocs/fhuiguide/index.php(13): CApplication->run()
#10 {main}
REQUEST_URI=/fhuiguide/index.php?r=admin
---
2015/03/06 22:58:07 [error] [exception.CException] exception 'CException' with message 'AdminController cannot find the requested view "index".' in /opt/lampp/htdocs/fhuiguide/yy/framework/web/CController.php:878
Stack trace:
#0 /opt/lampp/htdocs/fhuiguide/yy/framework/web/CController.php(782): CController->renderPartial('index', Array, true)
#1 /opt/lampp/htdocs/fhuiguide/protected/controllers/AdminController.php(18): CController->render('index', Array)
#2 /opt/lampp/htdocs/fhuiguide/yy/framework/web/actions/CInlineAction.php(49): AdminController->actionIndex()
#3 /opt/lampp/htdocs/fhuiguide/yy/framework/web/CController.php(308): CInlineAction->runWithParams(Array)
#4 /opt/lampp/htdocs/fhuiguide/yy/framework/web/CController.php(286): CController->runAction(Object(CInlineAction))
#5 /opt/lampp/htdocs/fhuiguide/yy/framework/web/CController.php(265): CController->runActionWithFilters(Object(CInlineAction), Array)
#6 /opt/lampp/htdocs/fhuiguide/yy/framework/web/CWebApplication.php(282): CController->run('')
#7 /opt/lampp/htdocs/fhuiguide/yy/framework/web/CWebApplication.php(141): CWebApplication->runController('admin')
#8 /opt/lampp/htdocs/fhuiguide/yy/framework/base/CApplication.php(184): CWebApplication->processRequest()
#9 /opt/lampp/htdocs/fhuiguide/index.php(13): CApplication->run()
#10 {main}
REQUEST_URI=/fhuiguide/index.php?r=admin
---
2015/03/06 22:58:08 [error] [exception.CException] exception 'CException' with message 'AdminController cannot find the requested view "index".' in /opt/lampp/htdocs/fhuiguide/yy/framework/web/CController.php:878
Stack trace:
#0 /opt/lampp/htdocs/fhuiguide/yy/framework/web/CController.php(782): CController->renderPartial('index', Array, true)
#1 /opt/lampp/htdocs/fhuiguide/protected/controllers/AdminController.php(18): CController->render('index', Array)
#2 /opt/lampp/htdocs/fhuiguide/yy/framework/web/actions/CInlineAction.php(49): AdminController->actionIndex()
#3 /opt/lampp/htdocs/fhuiguide/yy/framework/web/CController.php(308): CInlineAction->runWithParams(Array)
#4 /opt/lampp/htdocs/fhuiguide/yy/framework/web/CController.php(286): CController->runAction(Object(CInlineAction))
#5 /opt/lampp/htdocs/fhuiguide/yy/framework/web/CController.php(265): CController->runActionWithFilters(Object(CInlineAction), Array)
#6 /opt/lampp/htdocs/fhuiguide/yy/framework/web/CWebApplication.php(282): CController->run('')
#7 /opt/lampp/htdocs/fhuiguide/yy/framework/web/CWebApplication.php(141): CWebApplication->runController('admin')
#8 /opt/lampp/htdocs/fhuiguide/yy/framework/base/CApplication.php(184): CWebApplication->processRequest()
#9 /opt/lampp/htdocs/fhuiguide/index.php(13): CApplication->run()
#10 {main}
REQUEST_URI=/fhuiguide/index.php?r=admin
---
2015/03/06 22:58:08 [error] [exception.CException] exception 'CException' with message 'AdminController cannot find the requested view "index".' in /opt/lampp/htdocs/fhuiguide/yy/framework/web/CController.php:878
Stack trace:
#0 /opt/lampp/htdocs/fhuiguide/yy/framework/web/CController.php(782): CController->renderPartial('index', Array, true)
#1 /opt/lampp/htdocs/fhuiguide/protected/controllers/AdminController.php(18): CController->render('index', Array)
#2 /opt/lampp/htdocs/fhuiguide/yy/framework/web/actions/CInlineAction.php(49): AdminController->actionIndex()
#3 /opt/lampp/htdocs/fhuiguide/yy/framework/web/CController.php(308): CInlineAction->runWithParams(Array)
#4 /opt/lampp/htdocs/fhuiguide/yy/framework/web/CController.php(286): CController->runAction(Object(CInlineAction))
#5 /opt/lampp/htdocs/fhuiguide/yy/framework/web/CController.php(265): CController->runActionWithFilters(Object(CInlineAction), Array)
#6 /opt/lampp/htdocs/fhuiguide/yy/framework/web/CWebApplication.php(282): CController->run('')
#7 /opt/lampp/htdocs/fhuiguide/yy/framework/web/CWebApplication.php(141): CWebApplication->runController('admin')
#8 /opt/lampp/htdocs/fhuiguide/yy/framework/base/CApplication.php(184): CWebApplication->processRequest()
#9 /opt/lampp/htdocs/fhuiguide/index.php(13): CApplication->run()
#10 {main}
REQUEST_URI=/fhuiguide/index.php?r=admin
---
2015/03/06 22:58:08 [error] [exception.CException] exception 'CException' with message 'AdminController cannot find the requested view "index".' in /opt/lampp/htdocs/fhuiguide/yy/framework/web/CController.php:878
Stack trace:
#0 /opt/lampp/htdocs/fhuiguide/yy/framework/web/CController.php(782): CController->renderPartial('index', Array, true)
#1 /opt/lampp/htdocs/fhuiguide/protected/controllers/AdminController.php(18): CController->render('index', Array)
#2 /opt/lampp/htdocs/fhuiguide/yy/framework/web/actions/CInlineAction.php(49): AdminController->actionIndex()
#3 /opt/lampp/htdocs/fhuiguide/yy/framework/web/CController.php(308): CInlineAction->runWithParams(Array)
#4 /opt/lampp/htdocs/fhuiguide/yy/framework/web/CController.php(286): CController->runAction(Object(CInlineAction))
#5 /opt/lampp/htdocs/fhuiguide/yy/framework/web/CController.php(265): CController->runActionWithFilters(Object(CInlineAction), Array)
#6 /opt/lampp/htdocs/fhuiguide/yy/framework/web/CWebApplication.php(282): CController->run('')
#7 /opt/lampp/htdocs/fhuiguide/yy/framework/web/CWebApplication.php(141): CWebApplication->runController('admin')
#8 /opt/lampp/htdocs/fhuiguide/yy/framework/base/CApplication.php(184): CWebApplication->processRequest()
#9 /opt/lampp/htdocs/fhuiguide/index.php(13): CApplication->run()
#10 {main}
REQUEST_URI=/fhuiguide/index.php?r=admin
---
2015/03/06 22:58:08 [error] [exception.CException] exception 'CException' with message 'AdminController cannot find the requested view "index".' in /opt/lampp/htdocs/fhuiguide/yy/framework/web/CController.php:878
Stack trace:
#0 /opt/lampp/htdocs/fhuiguide/yy/framework/web/CController.php(782): CController->renderPartial('index', Array, true)
#1 /opt/lampp/htdocs/fhuiguide/protected/controllers/AdminController.php(18): CController->render('index', Array)
#2 /opt/lampp/htdocs/fhuiguide/yy/framework/web/actions/CInlineAction.php(49): AdminController->actionIndex()
#3 /opt/lampp/htdocs/fhuiguide/yy/framework/web/CController.php(308): CInlineAction->runWithParams(Array)
#4 /opt/lampp/htdocs/fhuiguide/yy/framework/web/CController.php(286): CController->runAction(Object(CInlineAction))
#5 /opt/lampp/htdocs/fhuiguide/yy/framework/web/CController.php(265): CController->runActionWithFilters(Object(CInlineAction), Array)
#6 /opt/lampp/htdocs/fhuiguide/yy/framework/web/CWebApplication.php(282): CController->run('')
#7 /opt/lampp/htdocs/fhuiguide/yy/framework/web/CWebApplication.php(141): CWebApplication->runController('admin')
#8 /opt/lampp/htdocs/fhuiguide/yy/framework/base/CApplication.php(184): CWebApplication->processRequest()
#9 /opt/lampp/htdocs/fhuiguide/index.php(13): CApplication->run()
#10 {main}
REQUEST_URI=/fhuiguide/index.php?r=admin
---
2015/03/06 22:58:08 [error] [exception.CException] exception 'CException' with message 'AdminController cannot find the requested view "index".' in /opt/lampp/htdocs/fhuiguide/yy/framework/web/CController.php:878
Stack trace:
#0 /opt/lampp/htdocs/fhuiguide/yy/framework/web/CController.php(782): CController->renderPartial('index', Array, true)
#1 /opt/lampp/htdocs/fhuiguide/protected/controllers/AdminController.php(18): CController->render('index', Array)
#2 /opt/lampp/htdocs/fhuiguide/yy/framework/web/actions/CInlineAction.php(49): AdminController->actionIndex()
#3 /opt/lampp/htdocs/fhuiguide/yy/framework/web/CController.php(308): CInlineAction->runWithParams(Array)
#4 /opt/lampp/htdocs/fhuiguide/yy/framework/web/CController.php(286): CController->runAction(Object(CInlineAction))
#5 /opt/lampp/htdocs/fhuiguide/yy/framework/web/CController.php(265): CController->runActionWithFilters(Object(CInlineAction), Array)
#6 /opt/lampp/htdocs/fhuiguide/yy/framework/web/CWebApplication.php(282): CController->run('')
#7 /opt/lampp/htdocs/fhuiguide/yy/framework/web/CWebApplication.php(141): CWebApplication->runController('admin')
#8 /opt/lampp/htdocs/fhuiguide/yy/framework/base/CApplication.php(184): CWebApplication->processRequest()
#9 /opt/lampp/htdocs/fhuiguide/index.php(13): CApplication->run()
#10 {main}
REQUEST_URI=/fhuiguide/index.php?r=admin
---
2015/03/06 22:58:57 [error] [exception.CException] exception 'CException' with message 'AdminController cannot find the requested view "index".' in /opt/lampp/htdocs/fhuiguide/yy/framework/web/CController.php:878
Stack trace:
#0 /opt/lampp/htdocs/fhuiguide/yy/framework/web/CController.php(782): CController->renderPartial('index', Array, true)
#1 /opt/lampp/htdocs/fhuiguide/protected/controllers/AdminController.php(18): CController->render('index', Array)
#2 /opt/lampp/htdocs/fhuiguide/yy/framework/web/actions/CInlineAction.php(49): AdminController->actionIndex()
#3 /opt/lampp/htdocs/fhuiguide/yy/framework/web/CController.php(308): CInlineAction->runWithParams(Array)
#4 /opt/lampp/htdocs/fhuiguide/yy/framework/web/CController.php(286): CController->runAction(Object(CInlineAction))
#5 /opt/lampp/htdocs/fhuiguide/yy/framework/web/CController.php(265): CController->runActionWithFilters(Object(CInlineAction), Array)
#6 /opt/lampp/htdocs/fhuiguide/yy/framework/web/CWebApplication.php(282): CController->run('')
#7 /opt/lampp/htdocs/fhuiguide/yy/framework/web/CWebApplication.php(141): CWebApplication->runController('admin')
#8 /opt/lampp/htdocs/fhuiguide/yy/framework/base/CApplication.php(184): CWebApplication->processRequest()
#9 /opt/lampp/htdocs/fhuiguide/index.php(13): CApplication->run()
#10 {main}
REQUEST_URI=/fhuiguide/index.php?r=admin
---
2015/03/06 22:58:57 [error] [exception.CException] exception 'CException' with message 'AdminController cannot find the requested view "index".' in /opt/lampp/htdocs/fhuiguide/yy/framework/web/CController.php:878
Stack trace:
#0 /opt/lampp/htdocs/fhuiguide/yy/framework/web/CController.php(782): CController->renderPartial('index', Array, true)
#1 /opt/lampp/htdocs/fhuiguide/protected/controllers/AdminController.php(18): CController->render('index', Array)
#2 /opt/lampp/htdocs/fhuiguide/yy/framework/web/actions/CInlineAction.php(49): AdminController->actionIndex()
#3 /opt/lampp/htdocs/fhuiguide/yy/framework/web/CController.php(308): CInlineAction->runWithParams(Array)
#4 /opt/lampp/htdocs/fhuiguide/yy/framework/web/CController.php(286): CController->runAction(Object(CInlineAction))
#5 /opt/lampp/htdocs/fhuiguide/yy/framework/web/CController.php(265): CController->runActionWithFilters(Object(CInlineAction), Array)
#6 /opt/lampp/htdocs/fhuiguide/yy/framework/web/CWebApplication.php(282): CController->run('')
#7 /opt/lampp/htdocs/fhuiguide/yy/framework/web/CWebApplication.php(141): CWebApplication->runController('admin')
#8 /opt/lampp/htdocs/fhuiguide/yy/framework/base/CApplication.php(184): CWebApplication->processRequest()
#9 /opt/lampp/htdocs/fhuiguide/index.php(13): CApplication->run()
#10 {main}
REQUEST_URI=/fhuiguide/index.php?r=admin
---
2015/03/06 22:58:57 [error] [exception.CException] exception 'CException' with message 'AdminController cannot find the requested view "index".' in /opt/lampp/htdocs/fhuiguide/yy/framework/web/CController.php:878
Stack trace:
#0 /opt/lampp/htdocs/fhuiguide/yy/framework/web/CController.php(782): CController->renderPartial('index', Array, true)
#1 /opt/lampp/htdocs/fhuiguide/protected/controllers/AdminController.php(18): CController->render('index', Array)
#2 /opt/lampp/htdocs/fhuiguide/yy/framework/web/actions/CInlineAction.php(49): AdminController->actionIndex()
#3 /opt/lampp/htdocs/fhuiguide/yy/framework/web/CController.php(308): CInlineAction->runWithParams(Array)
#4 /opt/lampp/htdocs/fhuiguide/yy/framework/web/CController.php(286): CController->runAction(Object(CInlineAction))
#5 /opt/lampp/htdocs/fhuiguide/yy/framework/web/CController.php(265): CController->runActionWithFilters(Object(CInlineAction), Array)
#6 /opt/lampp/htdocs/fhuiguide/yy/framework/web/CWebApplication.php(282): CController->run('')
#7 /opt/lampp/htdocs/fhuiguide/yy/framework/web/CWebApplication.php(141): CWebApplication->runController('admin')
#8 /opt/lampp/htdocs/fhuiguide/yy/framework/base/CApplication.php(184): CWebApplication->processRequest()
#9 /opt/lampp/htdocs/fhuiguide/index.php(13): CApplication->run()
#10 {main}
REQUEST_URI=/fhuiguide/index.php?r=admin
---
2015/03/06 22:58:57 [error] [exception.CException] exception 'CException' with message 'AdminController cannot find the requested view "index".' in /opt/lampp/htdocs/fhuiguide/yy/framework/web/CController.php:878
Stack trace:
#0 /opt/lampp/htdocs/fhuiguide/yy/framework/web/CController.php(782): CController->renderPartial('index', Array, true)
#1 /opt/lampp/htdocs/fhuiguide/protected/controllers/AdminController.php(18): CController->render('index', Array)
#2 /opt/lampp/htdocs/fhuiguide/yy/framework/web/actions/CInlineAction.php(49): AdminController->actionIndex()
#3 /opt/lampp/htdocs/fhuiguide/yy/framework/web/CController.php(308): CInlineAction->runWithParams(Array)
#4 /opt/lampp/htdocs/fhuiguide/yy/framework/web/CController.php(286): CController->runAction(Object(CInlineAction))
#5 /opt/lampp/htdocs/fhuiguide/yy/framework/web/CController.php(265): CController->runActionWithFilters(Object(CInlineAction), Array)
#6 /opt/lampp/htdocs/fhuiguide/yy/framework/web/CWebApplication.php(282): CController->run('')
#7 /opt/lampp/htdocs/fhuiguide/yy/framework/web/CWebApplication.php(141): CWebApplication->runController('admin')
#8 /opt/lampp/htdocs/fhuiguide/yy/framework/base/CApplication.php(184): CWebApplication->processRequest()
#9 /opt/lampp/htdocs/fhuiguide/index.php(13): CApplication->run()
#10 {main}
REQUEST_URI=/fhuiguide/index.php?r=admin
---
2015/03/06 23:00:15 [error] [exception.CException] exception 'CException' with message 'AdminController cannot find the requested view "index".' in /opt/lampp/htdocs/fhuiguide/yy/framework/web/CController.php:878
Stack trace:
#0 /opt/lampp/htdocs/fhuiguide/yy/framework/web/CController.php(782): CController->renderPartial('index', NULL, true)
#1 /opt/lampp/htdocs/fhuiguide/protected/controllers/AdminController.php(18): CController->render('index')
#2 /opt/lampp/htdocs/fhuiguide/yy/framework/web/actions/CInlineAction.php(49): AdminController->actionIndex()
#3 /opt/lampp/htdocs/fhuiguide/yy/framework/web/CController.php(308): CInlineAction->runWithParams(Array)
#4 /opt/lampp/htdocs/fhuiguide/yy/framework/web/CController.php(286): CController->runAction(Object(CInlineAction))
#5 /opt/lampp/htdocs/fhuiguide/yy/framework/web/CController.php(265): CController->runActionWithFilters(Object(CInlineAction), Array)
#6 /opt/lampp/htdocs/fhuiguide/yy/framework/web/CWebApplication.php(282): CController->run('')
#7 /opt/lampp/htdocs/fhuiguide/yy/framework/web/CWebApplication.php(141): CWebApplication->runController('admin')
#8 /opt/lampp/htdocs/fhuiguide/yy/framework/base/CApplication.php(184): CWebApplication->processRequest()
#9 /opt/lampp/htdocs/fhuiguide/index.php(13): CApplication->run()
#10 {main}
REQUEST_URI=/fhuiguide/index.php?r=admin
---
2015/03/06 23:00:16 [error] [exception.CException] exception 'CException' with message 'AdminController cannot find the requested view "index".' in /opt/lampp/htdocs/fhuiguide/yy/framework/web/CController.php:878
Stack trace:
#0 /opt/lampp/htdocs/fhuiguide/yy/framework/web/CController.php(782): CController->renderPartial('index', NULL, true)
#1 /opt/lampp/htdocs/fhuiguide/protected/controllers/AdminController.php(18): CController->render('index')
#2 /opt/lampp/htdocs/fhuiguide/yy/framework/web/actions/CInlineAction.php(49): AdminController->actionIndex()
#3 /opt/lampp/htdocs/fhuiguide/yy/framework/web/CController.php(308): CInlineAction->runWithParams(Array)
#4 /opt/lampp/htdocs/fhuiguide/yy/framework/web/CController.php(286): CController->runAction(Object(CInlineAction))
#5 /opt/lampp/htdocs/fhuiguide/yy/framework/web/CController.php(265): CController->runActionWithFilters(Object(CInlineAction), Array)
#6 /opt/lampp/htdocs/fhuiguide/yy/framework/web/CWebApplication.php(282): CController->run('')
#7 /opt/lampp/htdocs/fhuiguide/yy/framework/web/CWebApplication.php(141): CWebApplication->runController('admin')
#8 /opt/lampp/htdocs/fhuiguide/yy/framework/base/CApplication.php(184): CWebApplication->processRequest()
#9 /opt/lampp/htdocs/fhuiguide/index.php(13): CApplication->run()
#10 {main}
REQUEST_URI=/fhuiguide/index.php?r=admin
---
2015/03/06 23:00:16 [error] [exception.CException] exception 'CException' with message 'AdminController cannot find the requested view "index".' in /opt/lampp/htdocs/fhuiguide/yy/framework/web/CController.php:878
Stack trace:
#0 /opt/lampp/htdocs/fhuiguide/yy/framework/web/CController.php(782): CController->renderPartial('index', NULL, true)
#1 /opt/lampp/htdocs/fhuiguide/protected/controllers/AdminController.php(18): CController->render('index')
#2 /opt/lampp/htdocs/fhuiguide/yy/framework/web/actions/CInlineAction.php(49): AdminController->actionIndex()
#3 /opt/lampp/htdocs/fhuiguide/yy/framework/web/CController.php(308): CInlineAction->runWithParams(Array)
#4 /opt/lampp/htdocs/fhuiguide/yy/framework/web/CController.php(286): CController->runAction(Object(CInlineAction))
#5 /opt/lampp/htdocs/fhuiguide/yy/framework/web/CController.php(265): CController->runActionWithFilters(Object(CInlineAction), Array)
#6 /opt/lampp/htdocs/fhuiguide/yy/framework/web/CWebApplication.php(282): CController->run('')
#7 /opt/lampp/htdocs/fhuiguide/yy/framework/web/CWebApplication.php(141): CWebApplication->runController('admin')
#8 /opt/lampp/htdocs/fhuiguide/yy/framework/base/CApplication.php(184): CWebApplication->processRequest()
#9 /opt/lampp/htdocs/fhuiguide/index.php(13): CApplication->run()
#10 {main}
REQUEST_URI=/fhuiguide/index.php?r=admin
---
2015/03/06 23:00:16 [error] [exception.CException] exception 'CException' with message 'AdminController cannot find the requested view "index".' in /opt/lampp/htdocs/fhuiguide/yy/framework/web/CController.php:878
Stack trace:
#0 /opt/lampp/htdocs/fhuiguide/yy/framework/web/CController.php(782): CController->renderPartial('index', NULL, true)
#1 /opt/lampp/htdocs/fhuiguide/protected/controllers/AdminController.php(18): CController->render('index')
#2 /opt/lampp/htdocs/fhuiguide/yy/framework/web/actions/CInlineAction.php(49): AdminController->actionIndex()
#3 /opt/lampp/htdocs/fhuiguide/yy/framework/web/CController.php(308): CInlineAction->runWithParams(Array)
#4 /opt/lampp/htdocs/fhuiguide/yy/framework/web/CController.php(286): CController->runAction(Object(CInlineAction))
#5 /opt/lampp/htdocs/fhuiguide/yy/framework/web/CController.php(265): CController->runActionWithFilters(Object(CInlineAction), Array)
#6 /opt/lampp/htdocs/fhuiguide/yy/framework/web/CWebApplication.php(282): CController->run('')
#7 /opt/lampp/htdocs/fhuiguide/yy/framework/web/CWebApplication.php(141): CWebApplication->runController('admin')
#8 /opt/lampp/htdocs/fhuiguide/yy/framework/base/CApplication.php(184): CWebApplication->processRequest()
#9 /opt/lampp/htdocs/fhuiguide/index.php(13): CApplication->run()
#10 {main}
REQUEST_URI=/fhuiguide/index.php?r=admin
---
2015/03/06 23:00:17 [error] [exception.CException] exception 'CException' with message 'AdminController cannot find the requested view "index".' in /opt/lampp/htdocs/fhuiguide/yy/framework/web/CController.php:878
Stack trace:
#0 /opt/lampp/htdocs/fhuiguide/yy/framework/web/CController.php(782): CController->renderPartial('index', NULL, true)
#1 /opt/lampp/htdocs/fhuiguide/protected/controllers/AdminController.php(18): CController->render('index')
#2 /opt/lampp/htdocs/fhuiguide/yy/framework/web/actions/CInlineAction.php(49): AdminController->actionIndex()
#3 /opt/lampp/htdocs/fhuiguide/yy/framework/web/CController.php(308): CInlineAction->runWithParams(Array)
#4 /opt/lampp/htdocs/fhuiguide/yy/framework/web/CController.php(286): CController->runAction(Object(CInlineAction))
#5 /opt/lampp/htdocs/fhuiguide/yy/framework/web/CController.php(265): CController->runActionWithFilters(Object(CInlineAction), Array)
#6 /opt/lampp/htdocs/fhuiguide/yy/framework/web/CWebApplication.php(282): CController->run('')
#7 /opt/lampp/htdocs/fhuiguide/yy/framework/web/CWebApplication.php(141): CWebApplication->runController('admin')
#8 /opt/lampp/htdocs/fhuiguide/yy/framework/base/CApplication.php(184): CWebApplication->processRequest()
#9 /opt/lampp/htdocs/fhuiguide/index.php(13): CApplication->run()
#10 {main}
REQUEST_URI=/fhuiguide/index.php?r=admin
---
2015/03/06 23:00:32 [error] [exception.CException] exception 'CException' with message 'AdminController cannot find the requested view "index".' in /opt/lampp/htdocs/fhuiguide/yy/framework/web/CController.php:878
Stack trace:
#0 /opt/lampp/htdocs/fhuiguide/yy/framework/web/CController.php(782): CController->renderPartial('index', Array, true)
#1 /opt/lampp/htdocs/fhuiguide/protected/controllers/AdminController.php(18): CController->render('index', Array)
#2 /opt/lampp/htdocs/fhuiguide/yy/framework/web/actions/CInlineAction.php(49): AdminController->actionIndex()
#3 /opt/lampp/htdocs/fhuiguide/yy/framework/web/CController.php(308): CInlineAction->runWithParams(Array)
#4 /opt/lampp/htdocs/fhuiguide/yy/framework/web/CController.php(286): CController->runAction(Object(CInlineAction))
#5 /opt/lampp/htdocs/fhuiguide/yy/framework/web/CController.php(265): CController->runActionWithFilters(Object(CInlineAction), Array)
#6 /opt/lampp/htdocs/fhuiguide/yy/framework/web/CWebApplication.php(282): CController->run('')
#7 /opt/lampp/htdocs/fhuiguide/yy/framework/web/CWebApplication.php(141): CWebApplication->runController('admin')
#8 /opt/lampp/htdocs/fhuiguide/yy/framework/base/CApplication.php(184): CWebApplication->processRequest()
#9 /opt/lampp/htdocs/fhuiguide/index.php(13): CApplication->run()
#10 {main}
REQUEST_URI=/fhuiguide/index.php?r=admin
---
2015/03/06 23:30:41 [error] [exception.CException] exception 'CException' with message 'SiteController cannot find the requested view "admin/index".' in /opt/lampp/htdocs/fhuiguide/yy/framework/web/CController.php:878
Stack trace:
#0 /opt/lampp/htdocs/fhuiguide/yy/framework/web/CController.php(782): CController->renderPartial('admin/index', NULL, true)
#1 /opt/lampp/htdocs/fhuiguide/protected/controllers/SiteController.php(32): CController->render('admin/index')
#2 /opt/lampp/htdocs/fhuiguide/yy/framework/web/actions/CInlineAction.php(49): SiteController->actionIndex()
#3 /opt/lampp/htdocs/fhuiguide/yy/framework/web/CController.php(308): CInlineAction->runWithParams(Array)
#4 /opt/lampp/htdocs/fhuiguide/yy/framework/web/CController.php(286): CController->runAction(Object(CInlineAction))
#5 /opt/lampp/htdocs/fhuiguide/yy/framework/web/CController.php(265): CController->runActionWithFilters(Object(CInlineAction), Array)
#6 /opt/lampp/htdocs/fhuiguide/yy/framework/web/CWebApplication.php(282): CController->run('')
#7 /opt/lampp/htdocs/fhuiguide/yy/framework/web/CWebApplication.php(141): CWebApplication->runController('site')
#8 /opt/lampp/htdocs/fhuiguide/yy/framework/base/CApplication.php(184): CWebApplication->processRequest()
#9 /opt/lampp/htdocs/fhuiguide/index.php(13): CApplication->run()
#10 {main}
REQUEST_URI=/fhuiguide/index.php?r=site
---
2015/03/06 23:31:39 [error] [exception.CException] exception 'CException' with message 'AdminController cannot find the requested view "index".' in /opt/lampp/htdocs/fhuiguide/yy/framework/web/CController.php:878
Stack trace:
#0 /opt/lampp/htdocs/fhuiguide/yy/framework/web/CController.php(782): CController->renderPartial('index', Array, true)
#1 /opt/lampp/htdocs/fhuiguide/protected/controllers/AdminController.php(18): CController->render('index', Array)
#2 /opt/lampp/htdocs/fhuiguide/yy/framework/web/actions/CInlineAction.php(49): AdminController->actionIndex()
#3 /opt/lampp/htdocs/fhuiguide/yy/framework/web/CController.php(308): CInlineAction->runWithParams(Array)
#4 /opt/lampp/htdocs/fhuiguide/yy/framework/web/CController.php(286): CController->runAction(Object(CInlineAction))
#5 /opt/lampp/htdocs/fhuiguide/yy/framework/web/CController.php(265): CController->runActionWithFilters(Object(CInlineAction), Array)
#6 /opt/lampp/htdocs/fhuiguide/yy/framework/web/CWebApplication.php(282): CController->run('')
#7 /opt/lampp/htdocs/fhuiguide/yy/framework/web/CWebApplication.php(141): CWebApplication->runController('admin')
#8 /opt/lampp/htdocs/fhuiguide/yy/framework/base/CApplication.php(184): CWebApplication->processRequest()
#9 /opt/lampp/htdocs/fhuiguide/index.php(13): CApplication->run()
#10 {main}
REQUEST_URI=/fhuiguide/index.php?r=admin
---
2015/03/06 23:32:10 [error] [exception.CException] exception 'CException' with message 'AdminController cannot find the requested view "login".' in /opt/lampp/htdocs/fhuiguide/yy/framework/web/CController.php:878
Stack trace:
#0 /opt/lampp/htdocs/fhuiguide/yy/framework/web/CController.php(782): CController->renderPartial('login', Array, true)
#1 /opt/lampp/htdocs/fhuiguide/protected/controllers/AdminController.php(18): CController->render('login', Array)
#2 /opt/lampp/htdocs/fhuiguide/yy/framework/web/actions/CInlineAction.php(49): AdminController->actionIndex()
#3 /opt/lampp/htdocs/fhuiguide/yy/framework/web/CController.php(308): CInlineAction->runWithParams(Array)
#4 /opt/lampp/htdocs/fhuiguide/yy/framework/web/CController.php(286): CController->runAction(Object(CInlineAction))
#5 /opt/lampp/htdocs/fhuiguide/yy/framework/web/CController.php(265): CController->runActionWithFilters(Object(CInlineAction), Array)
#6 /opt/lampp/htdocs/fhuiguide/yy/framework/web/CWebApplication.php(282): CController->run('')
#7 /opt/lampp/htdocs/fhuiguide/yy/framework/web/CWebApplication.php(141): CWebApplication->runController('admin')
#8 /opt/lampp/htdocs/fhuiguide/yy/framework/base/CApplication.php(184): CWebApplication->processRequest()
#9 /opt/lampp/htdocs/fhuiguide/index.php(13): CApplication->run()
#10 {main}
REQUEST_URI=/fhuiguide/index.php?r=admin
---
2015/03/06 23:32:21 [error] [exception.CException] exception 'CException' with message 'AdminController cannot find the requested view "admin/login".' in /opt/lampp/htdocs/fhuiguide/yy/framework/web/CController.php:878
Stack trace:
#0 /opt/lampp/htdocs/fhuiguide/yy/framework/web/CController.php(782): CController->renderPartial('admin/login', Array, true)
#1 /opt/lampp/htdocs/fhuiguide/protected/controllers/AdminController.php(18): CController->render('admin/login', Array)
#2 /opt/lampp/htdocs/fhuiguide/yy/framework/web/actions/CInlineAction.php(49): AdminController->actionIndex()
#3 /opt/lampp/htdocs/fhuiguide/yy/framework/web/CController.php(308): CInlineAction->runWithParams(Array)
#4 /opt/lampp/htdocs/fhuiguide/yy/framework/web/CController.php(286): CController->runAction(Object(CInlineAction))
#5 /opt/lampp/htdocs/fhuiguide/yy/framework/web/CController.php(265): CController->runActionWithFilters(Object(CInlineAction), Array)
#6 /opt/lampp/htdocs/fhuiguide/yy/framework/web/CWebApplication.php(282): CController->run('')
#7 /opt/lampp/htdocs/fhuiguide/yy/framework/web/CWebApplication.php(141): CWebApplication->runController('admin')
#8 /opt/lampp/htdocs/fhuiguide/yy/framework/base/CApplication.php(184): CWebApplication->processRequest()
#9 /opt/lampp/htdocs/fhuiguide/index.php(13): CApplication->run()
#10 {main}
REQUEST_URI=/fhuiguide/index.php?r=admin
---
2015/03/06 23:32:22 [error] [exception.CException] exception 'CException' with message 'AdminController cannot find the requested view "admin/login".' in /opt/lampp/htdocs/fhuiguide/yy/framework/web/CController.php:878
Stack trace:
#0 /opt/lampp/htdocs/fhuiguide/yy/framework/web/CController.php(782): CController->renderPartial('admin/login', Array, true)
#1 /opt/lampp/htdocs/fhuiguide/protected/controllers/AdminController.php(18): CController->render('admin/login', Array)
#2 /opt/lampp/htdocs/fhuiguide/yy/framework/web/actions/CInlineAction.php(49): AdminController->actionIndex()
#3 /opt/lampp/htdocs/fhuiguide/yy/framework/web/CController.php(308): CInlineAction->runWithParams(Array)
#4 /opt/lampp/htdocs/fhuiguide/yy/framework/web/CController.php(286): CController->runAction(Object(CInlineAction))
#5 /opt/lampp/htdocs/fhuiguide/yy/framework/web/CController.php(265): CController->runActionWithFilters(Object(CInlineAction), Array)
#6 /opt/lampp/htdocs/fhuiguide/yy/framework/web/CWebApplication.php(282): CController->run('')
#7 /opt/lampp/htdocs/fhuiguide/yy/framework/web/CWebApplication.php(141): CWebApplication->runController('admin')
#8 /opt/lampp/htdocs/fhuiguide/yy/framework/base/CApplication.php(184): CWebApplication->processRequest()
#9 /opt/lampp/htdocs/fhuiguide/index.php(13): CApplication->run()
#10 {main}
REQUEST_URI=/fhuiguide/index.php?r=admin
---
2015/03/06 23:32:22 [error] [exception.CException] exception 'CException' with message 'AdminController cannot find the requested view "admin/login".' in /opt/lampp/htdocs/fhuiguide/yy/framework/web/CController.php:878
Stack trace:
#0 /opt/lampp/htdocs/fhuiguide/yy/framework/web/CController.php(782): CController->renderPartial('admin/login', Array, true)
#1 /opt/lampp/htdocs/fhuiguide/protected/controllers/AdminController.php(18): CController->render('admin/login', Array)
#2 /opt/lampp/htdocs/fhuiguide/yy/framework/web/actions/CInlineAction.php(49): AdminController->actionIndex()
#3 /opt/lampp/htdocs/fhuiguide/yy/framework/web/CController.php(308): CInlineAction->runWithParams(Array)
#4 /opt/lampp/htdocs/fhuiguide/yy/framework/web/CController.php(286): CController->runAction(Object(CInlineAction))
#5 /opt/lampp/htdocs/fhuiguide/yy/framework/web/CController.php(265): CController->runActionWithFilters(Object(CInlineAction), Array)
#6 /opt/lampp/htdocs/fhuiguide/yy/framework/web/CWebApplication.php(282): CController->run('')
#7 /opt/lampp/htdocs/fhuiguide/yy/framework/web/CWebApplication.php(141): CWebApplication->runController('admin')
#8 /opt/lampp/htdocs/fhuiguide/yy/framework/base/CApplication.php(184): CWebApplication->processRequest()
#9 /opt/lampp/htdocs/fhuiguide/index.php(13): CApplication->run()
#10 {main}
REQUEST_URI=/fhuiguide/index.php?r=admin
---
2015/03/06 23:32:33 [error] [exception.CException] exception 'CException' with message 'AdminController cannot find the requested view "index".' in /opt/lampp/htdocs/fhuiguide/yy/framework/web/CController.php:878
Stack trace:
#0 /opt/lampp/htdocs/fhuiguide/yy/framework/web/CController.php(782): CController->renderPartial('index', NULL, true)
#1 /opt/lampp/htdocs/fhuiguide/protected/controllers/AdminController.php(18): CController->render('index')
#2 /opt/lampp/htdocs/fhuiguide/yy/framework/web/actions/CInlineAction.php(49): AdminController->actionIndex()
#3 /opt/lampp/htdocs/fhuiguide/yy/framework/web/CController.php(308): CInlineAction->runWithParams(Array)
#4 /opt/lampp/htdocs/fhuiguide/yy/framework/web/CController.php(286): CController->runAction(Object(CInlineAction))
#5 /opt/lampp/htdocs/fhuiguide/yy/framework/web/CController.php(265): CController->runActionWithFilters(Object(CInlineAction), Array)
#6 /opt/lampp/htdocs/fhuiguide/yy/framework/web/CWebApplication.php(282): CController->run('')
#7 /opt/lampp/htdocs/fhuiguide/yy/framework/web/CWebApplication.php(141): CWebApplication->runController('admin')
#8 /opt/lampp/htdocs/fhuiguide/yy/framework/base/CApplication.php(184): CWebApplication->processRequest()
#9 /opt/lampp/htdocs/fhuiguide/index.php(13): CApplication->run()
#10 {main}
REQUEST_URI=/fhuiguide/index.php?r=admin
---
2015/03/06 23:32:34 [error] [exception.CException] exception 'CException' with message 'AdminController cannot find the requested view "index".' in /opt/lampp/htdocs/fhuiguide/yy/framework/web/CController.php:878
Stack trace:
#0 /opt/lampp/htdocs/fhuiguide/yy/framework/web/CController.php(782): CController->renderPartial('index', NULL, true)
#1 /opt/lampp/htdocs/fhuiguide/protected/controllers/AdminController.php(18): CController->render('index')
#2 /opt/lampp/htdocs/fhuiguide/yy/framework/web/actions/CInlineAction.php(49): AdminController->actionIndex()
#3 /opt/lampp/htdocs/fhuiguide/yy/framework/web/CController.php(308): CInlineAction->runWithParams(Array)
#4 /opt/lampp/htdocs/fhuiguide/yy/framework/web/CController.php(286): CController->runAction(Object(CInlineAction))
#5 /opt/lampp/htdocs/fhuiguide/yy/framework/web/CController.php(265): CController->runActionWithFilters(Object(CInlineAction), Array)
#6 /opt/lampp/htdocs/fhuiguide/yy/framework/web/CWebApplication.php(282): CController->run('')
#7 /opt/lampp/htdocs/fhuiguide/yy/framework/web/CWebApplication.php(141): CWebApplication->runController('admin')
#8 /opt/lampp/htdocs/fhuiguide/yy/framework/base/CApplication.php(184): CWebApplication->processRequest()
#9 /opt/lampp/htdocs/fhuiguide/index.php(13): CApplication->run()
#10 {main}
REQUEST_URI=/fhuiguide/index.php?r=admin
---
2015/03/06 23:32:45 [error] [exception.CException] exception 'CException' with message 'AdminController cannot find the requested view "index".' in /opt/lampp/htdocs/fhuiguide/yy/framework/web/CController.php:878
Stack trace:
#0 /opt/lampp/htdocs/fhuiguide/yy/framework/web/CController.php(782): CController->renderPartial('index', NULL, true)
#1 /opt/lampp/htdocs/fhuiguide/protected/controllers/AdminController.php(18): CController->render('index')
#2 /opt/lampp/htdocs/fhuiguide/yy/framework/web/actions/CInlineAction.php(49): AdminController->actionIndex()
#3 /opt/lampp/htdocs/fhuiguide/yy/framework/web/CController.php(308): CInlineAction->runWithParams(Array)
#4 /opt/lampp/htdocs/fhuiguide/yy/framework/web/CController.php(286): CController->runAction(Object(CInlineAction))
#5 /opt/lampp/htdocs/fhuiguide/yy/framework/web/CController.php(265): CController->runActionWithFilters(Object(CInlineAction), Array)
#6 /opt/lampp/htdocs/fhuiguide/yy/framework/web/CWebApplication.php(282): CController->run('')
#7 /opt/lampp/htdocs/fhuiguide/yy/framework/web/CWebApplication.php(141): CWebApplication->runController('admin')
#8 /opt/lampp/htdocs/fhuiguide/yy/framework/base/CApplication.php(184): CWebApplication->processRequest()
#9 /opt/lampp/htdocs/fhuiguide/index.php(13): CApplication->run()
#10 {main}
REQUEST_URI=/fhuiguide/index.php?r=admin
---
2015/03/06 23:32:46 [error] [exception.CException] exception 'CException' with message 'AdminController cannot find the requested view "index".' in /opt/lampp/htdocs/fhuiguide/yy/framework/web/CController.php:878
Stack trace:
#0 /opt/lampp/htdocs/fhuiguide/yy/framework/web/CController.php(782): CController->renderPartial('index', NULL, true)
#1 /opt/lampp/htdocs/fhuiguide/protected/controllers/AdminController.php(18): CController->render('index')
#2 /opt/lampp/htdocs/fhuiguide/yy/framework/web/actions/CInlineAction.php(49): AdminController->actionIndex()
#3 /opt/lampp/htdocs/fhuiguide/yy/framework/web/CController.php(308): CInlineAction->runWithParams(Array)
#4 /opt/lampp/htdocs/fhuiguide/yy/framework/web/CController.php(286): CController->runAction(Object(CInlineAction))
#5 /opt/lampp/htdocs/fhuiguide/yy/framework/web/CController.php(265): CController->runActionWithFilters(Object(CInlineAction), Array)
#6 /opt/lampp/htdocs/fhuiguide/yy/framework/web/CWebApplication.php(282): CController->run('')
#7 /opt/lampp/htdocs/fhuiguide/yy/framework/web/CWebApplication.php(141): CWebApplication->runController('admin')
#8 /opt/lampp/htdocs/fhuiguide/yy/framework/base/CApplication.php(184): CWebApplication->processRequest()
#9 /opt/lampp/htdocs/fhuiguide/index.php(13): CApplication->run()
#10 {main}
REQUEST_URI=/fhuiguide/index.php?r=admin
---
2015/03/06 23:32:46 [error] [exception.CException] exception 'CException' with message 'AdminController cannot find the requested view "index".' in /opt/lampp/htdocs/fhuiguide/yy/framework/web/CController.php:878
Stack trace:
#0 /opt/lampp/htdocs/fhuiguide/yy/framework/web/CController.php(782): CController->renderPartial('index', NULL, true)
#1 /opt/lampp/htdocs/fhuiguide/protected/controllers/AdminController.php(18): CController->render('index')
#2 /opt/lampp/htdocs/fhuiguide/yy/framework/web/actions/CInlineAction.php(49): AdminController->actionIndex()
#3 /opt/lampp/htdocs/fhuiguide/yy/framework/web/CController.php(308): CInlineAction->runWithParams(Array)
#4 /opt/lampp/htdocs/fhuiguide/yy/framework/web/CController.php(286): CController->runAction(Object(CInlineAction))
#5 /opt/lampp/htdocs/fhuiguide/yy/framework/web/CController.php(265): CController->runActionWithFilters(Object(CInlineAction), Array)
#6 /opt/lampp/htdocs/fhuiguide/yy/framework/web/CWebApplication.php(282): CController->run('')
#7 /opt/lampp/htdocs/fhuiguide/yy/framework/web/CWebApplication.php(141): CWebApplication->runController('admin')
#8 /opt/lampp/htdocs/fhuiguide/yy/framework/base/CApplication.php(184): CWebApplication->processRequest()
#9 /opt/lampp/htdocs/fhuiguide/index.php(13): CApplication->run()
#10 {main}
REQUEST_URI=/fhuiguide/index.php?r=admin
---
2015/03/06 23:33:24 [error] [exception.CException] exception 'CException' with message 'AdminController cannot find the requested view "admin/login".' in /opt/lampp/htdocs/fhuiguide/yy/framework/web/CController.php:878
Stack trace:
#0 /opt/lampp/htdocs/fhuiguide/yy/framework/web/CController.php(782): CController->renderPartial('admin/login', Array, true)
#1 /opt/lampp/htdocs/fhuiguide/protected/controllers/AdminController.php(18): CController->render('admin/login', Array)
#2 /opt/lampp/htdocs/fhuiguide/yy/framework/web/actions/CInlineAction.php(49): AdminController->actionIndex()
#3 /opt/lampp/htdocs/fhuiguide/yy/framework/web/CController.php(308): CInlineAction->runWithParams(Array)
#4 /opt/lampp/htdocs/fhuiguide/yy/framework/web/CController.php(286): CController->runAction(Object(CInlineAction))
#5 /opt/lampp/htdocs/fhuiguide/yy/framework/web/CController.php(265): CController->runActionWithFilters(Object(CInlineAction), Array)
#6 /opt/lampp/htdocs/fhuiguide/yy/framework/web/CWebApplication.php(282): CController->run('')
#7 /opt/lampp/htdocs/fhuiguide/yy/framework/web/CWebApplication.php(141): CWebApplication->runController('admin')
#8 /opt/lampp/htdocs/fhuiguide/yy/framework/base/CApplication.php(184): CWebApplication->processRequest()
#9 /opt/lampp/htdocs/fhuiguide/index.php(13): CApplication->run()
#10 {main}
REQUEST_URI=/fhuiguide/index.php?r=admin
---
2015/03/06 23:33:24 [error] [exception.CException] exception 'CException' with message 'AdminController cannot find the requested view "admin/login".' in /opt/lampp/htdocs/fhuiguide/yy/framework/web/CController.php:878
Stack trace:
#0 /opt/lampp/htdocs/fhuiguide/yy/framework/web/CController.php(782): CController->renderPartial('admin/login', Array, true)
#1 /opt/lampp/htdocs/fhuiguide/protected/controllers/AdminController.php(18): CController->render('admin/login', Array)
#2 /opt/lampp/htdocs/fhuiguide/yy/framework/web/actions/CInlineAction.php(49): AdminController->actionIndex()
#3 /opt/lampp/htdocs/fhuiguide/yy/framework/web/CController.php(308): CInlineAction->runWithParams(Array)
#4 /opt/lampp/htdocs/fhuiguide/yy/framework/web/CController.php(286): CController->runAction(Object(CInlineAction))
#5 /opt/lampp/htdocs/fhuiguide/yy/framework/web/CController.php(265): CController->runActionWithFilters(Object(CInlineAction), Array)
#6 /opt/lampp/htdocs/fhuiguide/yy/framework/web/CWebApplication.php(282): CController->run('')
#7 /opt/lampp/htdocs/fhuiguide/yy/framework/web/CWebApplication.php(141): CWebApplication->runController('admin')
#8 /opt/lampp/htdocs/fhuiguide/yy/framework/base/CApplication.php(184): CWebApplication->processRequest()
#9 /opt/lampp/htdocs/fhuiguide/index.php(13): CApplication->run()
#10 {main}
REQUEST_URI=/fhuiguide/index.php?r=admin
---
2015/03/06 23:33:25 [error] [exception.CException] exception 'CException' with message 'AdminController cannot find the requested view "admin/login".' in /opt/lampp/htdocs/fhuiguide/yy/framework/web/CController.php:878
Stack trace:
#0 /opt/lampp/htdocs/fhuiguide/yy/framework/web/CController.php(782): CController->renderPartial('admin/login', Array, true)
#1 /opt/lampp/htdocs/fhuiguide/protected/controllers/AdminController.php(18): CController->render('admin/login', Array)
#2 /opt/lampp/htdocs/fhuiguide/yy/framework/web/actions/CInlineAction.php(49): AdminController->actionIndex()
#3 /opt/lampp/htdocs/fhuiguide/yy/framework/web/CController.php(308): CInlineAction->runWithParams(Array)
#4 /opt/lampp/htdocs/fhuiguide/yy/framework/web/CController.php(286): CController->runAction(Object(CInlineAction))
#5 /opt/lampp/htdocs/fhuiguide/yy/framework/web/CController.php(265): CController->runActionWithFilters(Object(CInlineAction), Array)
#6 /opt/lampp/htdocs/fhuiguide/yy/framework/web/CWebApplication.php(282): CController->run('')
#7 /opt/lampp/htdocs/fhuiguide/yy/framework/web/CWebApplication.php(141): CWebApplication->runController('admin')
#8 /opt/lampp/htdocs/fhuiguide/yy/framework/base/CApplication.php(184): CWebApplication->processRequest()
#9 /opt/lampp/htdocs/fhuiguide/index.php(13): CApplication->run()
#10 {main}
REQUEST_URI=/fhuiguide/index.php?r=admin
---
2015/03/06 23:33:25 [error] [exception.CException] exception 'CException' with message 'AdminController cannot find the requested view "admin/login".' in /opt/lampp/htdocs/fhuiguide/yy/framework/web/CController.php:878
Stack trace:
#0 /opt/lampp/htdocs/fhuiguide/yy/framework/web/CController.php(782): CController->renderPartial('admin/login', Array, true)
#1 /opt/lampp/htdocs/fhuiguide/protected/controllers/AdminController.php(18): CController->render('admin/login', Array)
#2 /opt/lampp/htdocs/fhuiguide/yy/framework/web/actions/CInlineAction.php(49): AdminController->actionIndex()
#3 /opt/lampp/htdocs/fhuiguide/yy/framework/web/CController.php(308): CInlineAction->runWithParams(Array)
#4 /opt/lampp/htdocs/fhuiguide/yy/framework/web/CController.php(286): CController->runAction(Object(CInlineAction))
#5 /opt/lampp/htdocs/fhuiguide/yy/framework/web/CController.php(265): CController->runActionWithFilters(Object(CInlineAction), Array)
#6 /opt/lampp/htdocs/fhuiguide/yy/framework/web/CWebApplication.php(282): CController->run('')
#7 /opt/lampp/htdocs/fhuiguide/yy/framework/web/CWebApplication.php(141): CWebApplication->runController('admin')
#8 /opt/lampp/htdocs/fhuiguide/yy/framework/base/CApplication.php(184): CWebApplication->processRequest()
#9 /opt/lampp/htdocs/fhuiguide/index.php(13): CApplication->run()
#10 {main}
REQUEST_URI=/fhuiguide/index.php?r=admin
---
2015/03/06 23:33:25 [error] [exception.CException] exception 'CException' with message 'AdminController cannot find the requested view "admin/login".' in /opt/lampp/htdocs/fhuiguide/yy/framework/web/CController.php:878
Stack trace:
#0 /opt/lampp/htdocs/fhuiguide/yy/framework/web/CController.php(782): CController->renderPartial('admin/login', Array, true)
#1 /opt/lampp/htdocs/fhuiguide/protected/controllers/AdminController.php(18): CController->render('admin/login', Array)
#2 /opt/lampp/htdocs/fhuiguide/yy/framework/web/actions/CInlineAction.php(49): AdminController->actionIndex()
#3 /opt/lampp/htdocs/fhuiguide/yy/framework/web/CController.php(308): CInlineAction->runWithParams(Array)
#4 /opt/lampp/htdocs/fhuiguide/yy/framework/web/CController.php(286): CController->runAction(Object(CInlineAction))
#5 /opt/lampp/htdocs/fhuiguide/yy/framework/web/CController.php(265): CController->runActionWithFilters(Object(CInlineAction), Array)
#6 /opt/lampp/htdocs/fhuiguide/yy/framework/web/CWebApplication.php(282): CController->run('')
#7 /opt/lampp/htdocs/fhuiguide/yy/framework/web/CWebApplication.php(141): CWebApplication->runController('admin')
#8 /opt/lampp/htdocs/fhuiguide/yy/framework/base/CApplication.php(184): CWebApplication->processRequest()
#9 /opt/lampp/htdocs/fhuiguide/index.php(13): CApplication->run()
#10 {main}
REQUEST_URI=/fhuiguide/index.php?r=admin
---
2015/03/06 23:33:25 [error] [exception.CException] exception 'CException' with message 'AdminController cannot find the requested view "admin/login".' in /opt/lampp/htdocs/fhuiguide/yy/framework/web/CController.php:878
Stack trace:
#0 /opt/lampp/htdocs/fhuiguide/yy/framework/web/CController.php(782): CController->renderPartial('admin/login', Array, true)
#1 /opt/lampp/htdocs/fhuiguide/protected/controllers/AdminController.php(18): CController->render('admin/login', Array)
#2 /opt/lampp/htdocs/fhuiguide/yy/framework/web/actions/CInlineAction.php(49): AdminController->actionIndex()
#3 /opt/lampp/htdocs/fhuiguide/yy/framework/web/CController.php(308): CInlineAction->runWithParams(Array)
#4 /opt/lampp/htdocs/fhuiguide/yy/framework/web/CController.php(286): CController->runAction(Object(CInlineAction))
#5 /opt/lampp/htdocs/fhuiguide/yy/framework/web/CController.php(265): CController->runActionWithFilters(Object(CInlineAction), Array)
#6 /opt/lampp/htdocs/fhuiguide/yy/framework/web/CWebApplication.php(282): CController->run('')
#7 /opt/lampp/htdocs/fhuiguide/yy/framework/web/CWebApplication.php(141): CWebApplication->runController('admin')
#8 /opt/lampp/htdocs/fhuiguide/yy/framework/base/CApplication.php(184): CWebApplication->processRequest()
#9 /opt/lampp/htdocs/fhuiguide/index.php(13): CApplication->run()
#10 {main}
REQUEST_URI=/fhuiguide/index.php?r=admin
---
2015/03/06 23:35:18 [error] [exception.CException] exception 'CException' with message 'Property "AdminLoginForm.rememberMe" is not defined.' in /opt/lampp/htdocs/fhuiguide/yy/framework/base/CComponent.php:130
Stack trace:
#0 /opt/lampp/htdocs/fhuiguide/yy/framework/web/helpers/CHtml.php(2728): CComponent->__get('rememberMe')
#1 /opt/lampp/htdocs/fhuiguide/yy/framework/web/helpers/CHtml.php(1922): CHtml::resolveValue(Object(AdminLoginForm), 'rememberMe')
#2 /opt/lampp/htdocs/fhuiguide/yy/framework/web/widgets/CActiveForm.php(898): CHtml::activeCheckBox(Object(AdminLoginForm), 'rememberMe', Array)
#3 /opt/lampp/htdocs/fhuiguide/protected/views/site/login.php(43): CActiveForm->checkBox(Object(AdminLoginForm), 'rememberMe')
#4 /opt/lampp/htdocs/fhuiguide/yy/framework/web/CBaseController.php(126): require('/opt/lampp/htdo...')
#5 /opt/lampp/htdocs/fhuiguide/yy/framework/web/CBaseController.php(95): CBaseController->renderInternal('/opt/lampp/htdo...', Array, true)
#6 /opt/lampp/htdocs/fhuiguide/yy/framework/web/CController.php(869): CBaseController->renderFile('/opt/lampp/htdo...', Array, true)
#7 /opt/lampp/htdocs/fhuiguide/yy/framework/web/CController.php(782): CController->renderPartial('/site/login', Array, true)
#8 /opt/lampp/htdocs/fhuiguide/protected/controllers/AdminController.php(18): CController->render('/site/login', Array)
#9 /opt/lampp/htdocs/fhuiguide/yy/framework/web/actions/CInlineAction.php(49): AdminController->actionIndex()
#10 /opt/lampp/htdocs/fhuiguide/yy/framework/web/CController.php(308): CInlineAction->runWithParams(Array)
#11 /opt/lampp/htdocs/fhuiguide/yy/framework/web/CController.php(286): CController->runAction(Object(CInlineAction))
#12 /opt/lampp/htdocs/fhuiguide/yy/framework/web/CController.php(265): CController->runActionWithFilters(Object(CInlineAction), Array)
#13 /opt/lampp/htdocs/fhuiguide/yy/framework/web/CWebApplication.php(282): CController->run('')
#14 /opt/lampp/htdocs/fhuiguide/yy/framework/web/CWebApplication.php(141): CWebApplication->runController('admin')
#15 /opt/lampp/htdocs/fhuiguide/yy/framework/base/CApplication.php(184): CWebApplication->processRequest()
#16 /opt/lampp/htdocs/fhuiguide/index.php(13): CApplication->run()
#17 {main}
REQUEST_URI=/fhuiguide/index.php?r=admin
---
2015/03/06 23:35:19 [error] [exception.CException] exception 'CException' with message 'Property "AdminLoginForm.rememberMe" is not defined.' in /opt/lampp/htdocs/fhuiguide/yy/framework/base/CComponent.php:130
Stack trace:
#0 /opt/lampp/htdocs/fhuiguide/yy/framework/web/helpers/CHtml.php(2728): CComponent->__get('rememberMe')
#1 /opt/lampp/htdocs/fhuiguide/yy/framework/web/helpers/CHtml.php(1922): CHtml::resolveValue(Object(AdminLoginForm), 'rememberMe')
#2 /opt/lampp/htdocs/fhuiguide/yy/framework/web/widgets/CActiveForm.php(898): CHtml::activeCheckBox(Object(AdminLoginForm), 'rememberMe', Array)
#3 /opt/lampp/htdocs/fhuiguide/protected/views/site/login.php(43): CActiveForm->checkBox(Object(AdminLoginForm), 'rememberMe')
#4 /opt/lampp/htdocs/fhuiguide/yy/framework/web/CBaseController.php(126): require('/opt/lampp/htdo...')
#5 /opt/lampp/htdocs/fhuiguide/yy/framework/web/CBaseController.php(95): CBaseController->renderInternal('/opt/lampp/htdo...', Array, true)
#6 /opt/lampp/htdocs/fhuiguide/yy/framework/web/CController.php(869): CBaseController->renderFile('/opt/lampp/htdo...', Array, true)
#7 /opt/lampp/htdocs/fhuiguide/yy/framework/web/CController.php(782): CController->renderPartial('/site/login', Array, true)
#8 /opt/lampp/htdocs/fhuiguide/protected/controllers/AdminController.php(18): CController->render('/site/login', Array)
#9 /opt/lampp/htdocs/fhuiguide/yy/framework/web/actions/CInlineAction.php(49): AdminController->actionIndex()
#10 /opt/lampp/htdocs/fhuiguide/yy/framework/web/CController.php(308): CInlineAction->runWithParams(Array)
#11 /opt/lampp/htdocs/fhuiguide/yy/framework/web/CController.php(286): CController->runAction(Object(CInlineAction))
#12 /opt/lampp/htdocs/fhuiguide/yy/framework/web/CController.php(265): CController->runActionWithFilters(Object(CInlineAction), Array)
#13 /opt/lampp/htdocs/fhuiguide/yy/framework/web/CWebApplication.php(282): CController->run('')
#14 /opt/lampp/htdocs/fhuiguide/yy/framework/web/CWebApplication.php(141): CWebApplication->runController('admin')
#15 /opt/lampp/htdocs/fhuiguide/yy/framework/base/CApplication.php(184): CWebApplication->processRequest()
#16 /opt/lampp/htdocs/fhuiguide/index.php(13): CApplication->run()
#17 {main}
REQUEST_URI=/fhuiguide/index.php?r=admin
---
2015/03/06 23:35:43 [error] [exception.CException] exception 'CException' with message 'Property "AdminLoginForm.attribute" is not defined.' in /opt/lampp/htdocs/fhuiguide/yy/framework/base/CComponent.php:173
Stack trace:
#0 /opt/lampp/htdocs/fhuiguide/protected/controllers/AdminController.php(12): CComponent->__set('attribute', Array)
#1 /opt/lampp/htdocs/fhuiguide/yy/framework/web/actions/CInlineAction.php(49): AdminController->actionIndex()
#2 /opt/lampp/htdocs/fhuiguide/yy/framework/web/CController.php(308): CInlineAction->runWithParams(Array)
#3 /opt/lampp/htdocs/fhuiguide/yy/framework/web/CController.php(286): CController->runAction(Object(CInlineAction))
#4 /opt/lampp/htdocs/fhuiguide/yy/framework/web/CController.php(265): CController->runActionWithFilters(Object(CInlineAction), Array)
#5 /opt/lampp/htdocs/fhuiguide/yy/framework/web/CWebApplication.php(282): CController->run('')
#6 /opt/lampp/htdocs/fhuiguide/yy/framework/web/CWebApplication.php(141): CWebApplication->runController('admin')
#7 /opt/lampp/htdocs/fhuiguide/yy/framework/base/CApplication.php(184): CWebApplication->processRequest()
#8 /opt/lampp/htdocs/fhuiguide/index.php(13): CApplication->run()
#9 {main}
REQUEST_URI=/fhuiguide/index.php?r=admin
HTTP_REFERER=http://localhost/fhuiguide/index.php?r=admin
---
2015/03/06 23:37:26 [error] [exception.CException] exception 'CException' with message 'AdminController cannot find the requested view "login".' in /opt/lampp/htdocs/fhuiguide/yy/framework/web/CController.php:878
Stack trace:
#0 /opt/lampp/htdocs/fhuiguide/yy/framework/web/CController.php(782): CController->renderPartial('login', Array, true)
#1 /opt/lampp/htdocs/fhuiguide/protected/controllers/AdminController.php(18): CController->render('login', Array)
#2 /opt/lampp/htdocs/fhuiguide/yy/framework/web/actions/CInlineAction.php(49): AdminController->actionIndex()
#3 /opt/lampp/htdocs/fhuiguide/yy/framework/web/CController.php(308): CInlineAction->runWithParams(Array)
#4 /opt/lampp/htdocs/fhuiguide/yy/framework/web/CController.php(286): CController->runAction(Object(CInlineAction))
#5 /opt/lampp/htdocs/fhuiguide/yy/framework/web/CController.php(265): CController->runActionWithFilters(Object(CInlineAction), Array)
#6 /opt/lampp/htdocs/fhuiguide/yy/framework/web/CWebApplication.php(282): CController->run('')
#7 /opt/lampp/htdocs/fhuiguide/yy/framework/web/CWebApplication.php(141): CWebApplication->runController('admin')
#8 /opt/lampp/htdocs/fhuiguide/yy/framework/base/CApplication.php(184): CWebApplication->processRequest()
#9 /opt/lampp/htdocs/fhuiguide/index.php(13): CApplication->run()
#10 {main}
REQUEST_URI=/fhuiguide/index.php?r=admin
---
2015/03/06 23:37:27 [error] [exception.CException] exception 'CException' with message 'AdminController cannot find the requested view "login".' in /opt/lampp/htdocs/fhuiguide/yy/framework/web/CController.php:878
Stack trace:
#0 /opt/lampp/htdocs/fhuiguide/yy/framework/web/CController.php(782): CController->renderPartial('login', Array, true)
#1 /opt/lampp/htdocs/fhuiguide/protected/controllers/AdminController.php(18): CController->render('login', Array)
#2 /opt/lampp/htdocs/fhuiguide/yy/framework/web/actions/CInlineAction.php(49): AdminController->actionIndex()
#3 /opt/lampp/htdocs/fhuiguide/yy/framework/web/CController.php(308): CInlineAction->runWithParams(Array)
#4 /opt/lampp/htdocs/fhuiguide/yy/framework/web/CController.php(286): CController->runAction(Object(CInlineAction))
#5 /opt/lampp/htdocs/fhuiguide/yy/framework/web/CController.php(265): CController->runActionWithFilters(Object(CInlineAction), Array)
#6 /opt/lampp/htdocs/fhuiguide/yy/framework/web/CWebApplication.php(282): CController->run('')
#7 /opt/lampp/htdocs/fhuiguide/yy/framework/web/CWebApplication.php(141): CWebApplication->runController('admin')
#8 /opt/lampp/htdocs/fhuiguide/yy/framework/base/CApplication.php(184): CWebApplication->processRequest()
#9 /opt/lampp/htdocs/fhuiguide/index.php(13): CApplication->run()
#10 {main}
REQUEST_URI=/fhuiguide/index.php?r=admin
---
2015/03/06 23:37:57 [error] [exception.CException] exception 'CException' with message 'Property "AdminLoginForm.attribute" is not defined.' in /opt/lampp/htdocs/fhuiguide/yy/framework/base/CComponent.php:173
Stack trace:
#0 /opt/lampp/htdocs/fhuiguide/protected/controllers/AdminController.php(12): CComponent->__set('attribute', Array)
#1 /opt/lampp/htdocs/fhuiguide/yy/framework/web/actions/CInlineAction.php(49): AdminController->actionIndex()
#2 /opt/lampp/htdocs/fhuiguide/yy/framework/web/CController.php(308): CInlineAction->runWithParams(Array)
#3 /opt/lampp/htdocs/fhuiguide/yy/framework/web/CController.php(286): CController->runAction(Object(CInlineAction))
#4 /opt/lampp/htdocs/fhuiguide/yy/framework/web/CController.php(265): CController->runActionWithFilters(Object(CInlineAction), Array)
#5 /opt/lampp/htdocs/fhuiguide/yy/framework/web/CWebApplication.php(282): CController->run('')
#6 /opt/lampp/htdocs/fhuiguide/yy/framework/web/CWebApplication.php(141): CWebApplication->runController('admin')
#7 /opt/lampp/htdocs/fhuiguide/yy/framework/base/CApplication.php(184): CWebApplication->processRequest()
#8 /opt/lampp/htdocs/fhuiguide/index.php(13): CApplication->run()
#9 {main}
REQUEST_URI=/fhuiguide/index.php?r=admin
HTTP_REFERER=http://localhost/fhuiguide/index.php?r=admin
---
2015/03/06 23:45:45 [warning] [application] Failed to set unsafe attribute "username" of "AdminLoginForm".
in /opt/lampp/htdocs/fhuiguide/protected/controllers/AdminController.php (12)
in /opt/lampp/htdocs/fhuiguide/index.php (13)
2015/03/06 23:45:45 [warning] [application] Failed to set unsafe attribute "password" of "AdminLoginForm".
in /opt/lampp/htdocs/fhuiguide/protected/controllers/AdminController.php (12)
in /opt/lampp/htdocs/fhuiguide/index.php (13)
2015/03/06 23:46:22 [warning] [application] Failed to set unsafe attribute "username" of "AdminLoginForm".
in /opt/lampp/htdocs/fhuiguide/protected/controllers/AdminController.php (12)
in /opt/lampp/htdocs/fhuiguide/index.php (13)
2015/03/06 23:46:22 [warning] [application] Failed to set unsafe attribute "password" of "AdminLoginForm".
in /opt/lampp/htdocs/fhuiguide/protected/controllers/AdminController.php (12)
in /opt/lampp/htdocs/fhuiguide/index.php (13)
2015/03/06 23:47:38 [warning] [application] Failed to set unsafe attribute "username" of "AdminLoginForm".
in /opt/lampp/htdocs/fhuiguide/protected/controllers/AdminController.php (12)
in /opt/lampp/htdocs/fhuiguide/index.php (13)
2015/03/06 23:47:38 [warning] [application] Failed to set unsafe attribute "password" of "AdminLoginForm".
in /opt/lampp/htdocs/fhuiguide/protected/controllers/AdminController.php (12)
in /opt/lampp/htdocs/fhuiguide/index.php (13)
2015/03/06 23:49:06 [warning] [application] Failed to set unsafe attribute "username" of "AdminLoginForm".
in /opt/lampp/htdocs/fhuiguide/protected/controllers/AdminController.php (12)
in /opt/lampp/htdocs/fhuiguide/index.php (13)
2015/03/06 23:49:06 [warning] [application] Failed to set unsafe attribute "password" of "AdminLoginForm".
in /opt/lampp/htdocs/fhuiguide/protected/controllers/AdminController.php (12)
in /opt/lampp/htdocs/fhuiguide/index.php (13)
2015/03/06 23:49:43 [warning] [application] Failed to set unsafe attribute "username" of "AdminLoginForm".
in /opt/lampp/htdocs/fhuiguide/protected/controllers/AdminController.php (12)
in /opt/lampp/htdocs/fhuiguide/index.php (13)
2015/03/06 23:49:43 [warning] [application] Failed to set unsafe attribute "password" of "AdminLoginForm".
in /opt/lampp/htdocs/fhuiguide/protected/controllers/AdminController.php (12)
in /opt/lampp/htdocs/fhuiguide/index.php (13)
2015/03/06 23:49:43 [error] [exception.CDbException] exception 'CDbException' with message 'The table "admin" for active record class "Admin" cannot be found in the database.' in /opt/lampp/htdocs/fhuiguide/yy/framework/db/ar/CActiveRecord.php:2385
Stack trace:
#0 /opt/lampp/htdocs/fhuiguide/yy/framework/db/ar/CActiveRecord.php(411): CActiveRecordMetaData->__construct(Object(Admin))
#1 /opt/lampp/htdocs/fhuiguide/yy/framework/db/ar/CActiveRecord.php(661): CActiveRecord->getMetaData()
#2 /opt/lampp/htdocs/fhuiguide/yy/framework/db/ar/CActiveRecord.php(1523): CActiveRecord->getTableSchema()
#3 /opt/lampp/htdocs/fhuiguide/protected/components/AdminLogin.php(5): CActiveRecord->findByAttributes(Array)
#4 /opt/lampp/htdocs/fhuiguide/protected/models/AdminLoginForm.php(24): AdminLogin->authenticate()
#5 /opt/lampp/htdocs/fhuiguide/protected/controllers/AdminController.php(13): AdminLoginForm->login()
#6 /opt/lampp/htdocs/fhuiguide/yy/framework/web/actions/CInlineAction.php(49): AdminController->actionIndex()
#7 /opt/lampp/htdocs/fhuiguide/yy/framework/web/CController.php(308): CInlineAction->runWithParams(Array)
#8 /opt/lampp/htdocs/fhuiguide/yy/framework/web/CController.php(286): CController->runAction(Object(CInlineAction))
#9 /opt/lampp/htdocs/fhuiguide/yy/framework/web/CController.php(265): CController->runActionWithFilters(Object(CInlineAction), Array)
#10 /opt/lampp/htdocs/fhuiguide/yy/framework/web/CWebApplication.php(282): CController->run('')
#11 /opt/lampp/htdocs/fhuiguide/yy/framework/web/CWebApplication.php(141): CWebApplication->runController('admin')
#12 /opt/lampp/htdocs/fhuiguide/yy/framework/base/CApplication.php(184): CWebApplication->processRequest()
#13 /opt/lampp/htdocs/fhuiguide/index.php(13): CApplication->run()
#14 {main}
REQUEST_URI=/fhuiguide/index.php?r=admin
HTTP_REFERER=http://localhost/fhuiguide/index.php?r=admin
---
2015/03/06 23:53:26 [warning] [application] Failed to set unsafe attribute "username" of "AdminLoginForm".
in /opt/lampp/htdocs/fhuiguide/protected/controllers/AdminController.php (12)
in /opt/lampp/htdocs/fhuiguide/index.php (13)
2015/03/06 23:53:26 [warning] [application] Failed to set unsafe attribute "password" of "AdminLoginForm".
in /opt/lampp/htdocs/fhuiguide/protected/controllers/AdminController.php (12)
in /opt/lampp/htdocs/fhuiguide/index.php (13)
2015/03/06 23:53:31 [warning] [application] Failed to set unsafe attribute "username" of "AdminLoginForm".
in /opt/lampp/htdocs/fhuiguide/protected/controllers/AdminController.php (12)
in /opt/lampp/htdocs/fhuiguide/index.php (13)
2015/03/06 23:53:31 [warning] [application] Failed to set unsafe attribute "password" of "AdminLoginForm".
in /opt/lampp/htdocs/fhuiguide/protected/controllers/AdminController.php (12)
in /opt/lampp/htdocs/fhuiguide/index.php (13)
2015/03/07 00:05:53 [warning] [application] Failed to set unsafe attribute "username" of "AdminLoginForm".
in /opt/lampp/htdocs/fhuiguide/protected/controllers/AdminController.php (12)
in /opt/lampp/htdocs/fhuiguide/index.php (13)
2015/03/07 00:05:53 [warning] [application] Failed to set unsafe attribute "password" of "AdminLoginForm".
in /opt/lampp/htdocs/fhuiguide/protected/controllers/AdminController.php (12)
in /opt/lampp/htdocs/fhuiguide/index.php (13)
2015/03/07 00:05:59 [warning] [application] Failed to set unsafe attribute "username" of "AdminLoginForm".
in /opt/lampp/htdocs/fhuiguide/protected/controllers/AdminController.php (12)
in /opt/lampp/htdocs/fhuiguide/index.php (13)
2015/03/07 00:05:59 [warning] [application] Failed to set unsafe attribute "password" of "AdminLoginForm".
in /opt/lampp/htdocs/fhuiguide/protected/controllers/AdminController.php (12)
in /opt/lampp/htdocs/fhuiguide/index.php (13)
2015/03/07 00:06:06 [warning] [application] Failed to set unsafe attribute "username" of "AdminLoginForm".
in /opt/lampp/htdocs/fhuiguide/protected/controllers/AdminController.php (12)
in /opt/lampp/htdocs/fhuiguide/index.php (13)
2015/03/07 00:06:06 [warning] [application] Failed to set unsafe attribute "password" of "AdminLoginForm".
in /opt/lampp/htdocs/fhuiguide/protected/controllers/AdminController.php (12)
in /opt/lampp/htdocs/fhuiguide/index.php (13)
2015/03/07 00:06:34 [warning] [application] Failed to set unsafe attribute "username" of "AdminLoginForm".
in /opt/lampp/htdocs/fhuiguide/protected/controllers/AdminController.php (12)
in /opt/lampp/htdocs/fhuiguide/index.php (13)
2015/03/07 00:06:34 [warning] [application] Failed to set unsafe attribute "password" of "AdminLoginForm".
in /opt/lampp/htdocs/fhuiguide/protected/controllers/AdminController.php (12)
in /opt/lampp/htdocs/fhuiguide/index.php (13)
2015/03/07 00:08:22 [warning] [application] Failed to set unsafe attribute "username" of "AdminLoginForm".
in /opt/lampp/htdocs/fhuiguide/protected/controllers/AdminController.php (12)
in /opt/lampp/htdocs/fhuiguide/index.php (13)
2015/03/07 00:08:22 [warning] [application] Failed to set unsafe attribute "password" of "AdminLoginForm".
in /opt/lampp/htdocs/fhuiguide/protected/controllers/AdminController.php (12)
in /opt/lampp/htdocs/fhuiguide/index.php (13)
2015/03/07 00:08:28 [warning] [application] Failed to set unsafe attribute "username" of "AdminLoginForm".
in /opt/lampp/htdocs/fhuiguide/protected/controllers/AdminController.php (12)
in /opt/lampp/htdocs/fhuiguide/index.php (13)
2015/03/07 00:08:28 [warning] [application] Failed to set unsafe attribute "password" of "AdminLoginForm".
in /opt/lampp/htdocs/fhuiguide/protected/controllers/AdminController.php (12)
in /opt/lampp/htdocs/fhuiguide/index.php (13)
2015/03/07 00:08:51 [warning] [application] Failed to set unsafe attribute "username" of "AdminLoginForm".
in /opt/lampp/htdocs/fhuiguide/protected/controllers/AdminController.php (12)
in /opt/lampp/htdocs/fhuiguide/index.php (13)
2015/03/07 00:08:51 [warning] [application] Failed to set unsafe attribute "password" of "AdminLoginForm".
in /opt/lampp/htdocs/fhuiguide/protected/controllers/AdminController.php (12)
in /opt/lampp/htdocs/fhuiguide/index.php (13)
2015/03/07 00:12:08 [warning] [application] Failed to set unsafe attribute "username" of "AdminLoginForm".
in /opt/lampp/htdocs/fhuiguide/protected/controllers/AdminController.php (12)
in /opt/lampp/htdocs/fhuiguide/index.php (13)
2015/03/07 00:12:08 [warning] [application] Failed to set unsafe attribute "password" of "AdminLoginForm".
in /opt/lampp/htdocs/fhuiguide/protected/controllers/AdminController.php (12)
in /opt/lampp/htdocs/fhuiguide/index.php (13)
2015/03/07 00:12:17 [warning] [application] Failed to set unsafe attribute "username" of "AdminLoginForm".
in /opt/lampp/htdocs/fhuiguide/protected/controllers/AdminController.php (12)
in /opt/lampp/htdocs/fhuiguide/index.php (13)
2015/03/07 00:12:17 [warning] [application] Failed to set unsafe attribute "password" of "AdminLoginForm".
in /opt/lampp/htdocs/fhuiguide/protected/controllers/AdminController.php (12)
in /opt/lampp/htdocs/fhuiguide/index.php (13)
2015/03/07 00:12:36 [warning] [application] Failed to set unsafe attribute "username" of "AdminLoginForm".
in /opt/lampp/htdocs/fhuiguide/protected/controllers/AdminController.php (12)
in /opt/lampp/htdocs/fhuiguide/index.php (13)
2015/03/07 00:12:36 [warning] [application] Failed to set unsafe attribute "password" of "AdminLoginForm".
in /opt/lampp/htdocs/fhuiguide/protected/controllers/AdminController.php (12)
in /opt/lampp/htdocs/fhuiguide/index.php (13)
2015/03/07 00:13:08 [warning] [application] Failed to set unsafe attribute "username" of "AdminLoginForm".
in /opt/lampp/htdocs/fhuiguide/protected/controllers/AdminController.php (12)
in /opt/lampp/htdocs/fhuiguide/index.php (13)
2015/03/07 00:13:08 [warning] [application] Failed to set unsafe attribute "password" of "AdminLoginForm".
in /opt/lampp/htdocs/fhuiguide/protected/controllers/AdminController.php (12)
in /opt/lampp/htdocs/fhuiguide/index.php (13)
2015/03/07 00:13:44 [warning] [application] Failed to set unsafe attribute "username" of "AdminLoginForm".
in /opt/lampp/htdocs/fhuiguide/protected/controllers/AdminController.php (12)
in /opt/lampp/htdocs/fhuiguide/index.php (13)
2015/03/07 00:13:44 [warning] [application] Failed to set unsafe attribute "password" of "AdminLoginForm".
in /opt/lampp/htdocs/fhuiguide/protected/controllers/AdminController.php (12)
in /opt/lampp/htdocs/fhuiguide/index.php (13)
2015/03/07 00:13:56 [warning] [application] Failed to set unsafe attribute "username" of "AdminLoginForm".
in /opt/lampp/htdocs/fhuiguide/protected/controllers/AdminController.php (12)
in /opt/lampp/htdocs/fhuiguide/index.php (13)
2015/03/07 00:13:56 [warning] [application] Failed to set unsafe attribute "password" of "AdminLoginForm".
in /opt/lampp/htdocs/fhuiguide/protected/controllers/AdminController.php (12)
in /opt/lampp/htdocs/fhuiguide/index.php (13)
2015/03/07 00:13:58 [warning] [application] Failed to set unsafe attribute "username" of "AdminLoginForm".
in /opt/lampp/htdocs/fhuiguide/protected/controllers/AdminController.php (12)
in /opt/lampp/htdocs/fhuiguide/index.php (13)
2015/03/07 00:13:58 [warning] [application] Failed to set unsafe attribute "password" of "AdminLoginForm".
in /opt/lampp/htdocs/fhuiguide/protected/controllers/AdminController.php (12)
in /opt/lampp/htdocs/fhuiguide/index.php (13)
2015/03/07 00:14:02 [warning] [application] Failed to set unsafe attribute "username" of "AdminLoginForm".
in /opt/lampp/htdocs/fhuiguide/protected/controllers/AdminController.php (12)
in /opt/lampp/htdocs/fhuiguide/index.php (13)
2015/03/07 00:14:02 [warning] [application] Failed to set unsafe attribute "password" of "AdminLoginForm".
in /opt/lampp/htdocs/fhuiguide/protected/controllers/AdminController.php (12)
in /opt/lampp/htdocs/fhuiguide/index.php (13)
2015/03/07 00:14:20 [warning] [application] Failed to set unsafe attribute "username" of "AdminLoginForm".
in /opt/lampp/htdocs/fhuiguide/protected/controllers/AdminController.php (12)
in /opt/lampp/htdocs/fhuiguide/index.php (13)
2015/03/07 00:14:20 [warning] [application] Failed to set unsafe attribute "password" of "AdminLoginForm".
in /opt/lampp/htdocs/fhuiguide/protected/controllers/AdminController.php (12)
in /opt/lampp/htdocs/fhuiguide/index.php (13)
2015/03/07 00:14:55 [warning] [application] Failed to set unsafe attribute "username" of "AdminLoginForm".
in /opt/lampp/htdocs/fhuiguide/protected/controllers/AdminController.php (12)
in /opt/lampp/htdocs/fhuiguide/index.php (13)
2015/03/07 00:14:55 [warning] [application] Failed to set unsafe attribute "password" of "AdminLoginForm".
in /opt/lampp/htdocs/fhuiguide/protected/controllers/AdminController.php (12)
in /opt/lampp/htdocs/fhuiguide/index.php (13)
2015/03/07 00:15:09 [warning] [application] Failed to set unsafe attribute "username" of "AdminLoginForm".
in /opt/lampp/htdocs/fhuiguide/protected/controllers/AdminController.php (12)
in /opt/lampp/htdocs/fhuiguide/index.php (13)
2015/03/07 00:15:09 [warning] [application] Failed to set unsafe attribute "password" of "AdminLoginForm".
in /opt/lampp/htdocs/fhuiguide/protected/controllers/AdminController.php (12)
in /opt/lampp/htdocs/fhuiguide/index.php (13)
2015/03/07 00:15:20 [warning] [application] Failed to set unsafe attribute "username" of "AdminLoginForm".
in /opt/lampp/htdocs/fhuiguide/protected/controllers/AdminController.php (12)
in /opt/lampp/htdocs/fhuiguide/index.php (13)
2015/03/07 00:15:20 [warning] [application] Failed to set unsafe attribute "password" of "AdminLoginForm".
in /opt/lampp/htdocs/fhuiguide/protected/controllers/AdminController.php (12)
in /opt/lampp/htdocs/fhuiguide/index.php (13)
2015/03/07 00:16:55 [error] [exception.CException] exception 'CException' with message 'Property "AdminLogin.errorCOde" is not defined.' in /opt/lampp/htdocs/fhuiguide/yy/framework/base/CComponent.php:173
Stack trace:
#0 /opt/lampp/htdocs/fhuiguide/protected/components/AdminLogin.php(11): CComponent->__set('errorCOde', 0)
#1 /opt/lampp/htdocs/fhuiguide/protected/models/AdminLoginForm.php(10): AdminLogin->authenticate()
#2 /opt/lampp/htdocs/fhuiguide/yy/framework/validators/CInlineValidator.php(42): AdminLoginForm->authenticate('password', Array)
#3 /opt/lampp/htdocs/fhuiguide/yy/framework/validators/CValidator.php(201): CInlineValidator->validateAttribute(Object(AdminLoginForm), 'password')
#4 /opt/lampp/htdocs/fhuiguide/yy/framework/base/CModel.php(159): CValidator->validate(Object(AdminLoginForm), NULL)
#5 /opt/lampp/htdocs/fhuiguide/protected/controllers/AdminController.php(16): CModel->validate()
#6 /opt/lampp/htdocs/fhuiguide/yy/framework/web/actions/CInlineAction.php(49): AdminController->actionIndex()
#7 /opt/lampp/htdocs/fhuiguide/yy/framework/web/CController.php(308): CInlineAction->runWithParams(Array)
#8 /opt/lampp/htdocs/fhuiguide/yy/framework/web/CController.php(286): CController->runAction(Object(CInlineAction))
#9 /opt/lampp/htdocs/fhuiguide/yy/framework/web/CController.php(265): CController->runActionWithFilters(Object(CInlineAction), Array)
#10 /opt/lampp/htdocs/fhuiguide/yy/framework/web/CWebApplication.php(282): CController->run('')
#11 /opt/lampp/htdocs/fhuiguide/yy/framework/web/CWebApplication.php(141): CWebApplication->runController('admin')
#12 /opt/lampp/htdocs/fhuiguide/yy/framework/base/CApplication.php(184): CWebApplication->processRequest()
#13 /opt/lampp/htdocs/fhuiguide/index.php(13): CApplication->run()
#14 {main}
REQUEST_URI=/fhuiguide/index.php?r=admin
HTTP_REFERER=http://localhost/fhuiguide/index.php?r=admin
---
2015/03/07 00:17:18 [error] [exception.CHttpException.404] exception 'CHttpException' with message 'The system is unable to find the requested action "dashboard".' in /opt/lampp/htdocs/fhuiguide/yy/framework/web/CController.php:483
Stack trace:
#0 /opt/lampp/htdocs/fhuiguide/yy/framework/web/CController.php(270): CController->missingAction('dashboard')
#1 /opt/lampp/htdocs/fhuiguide/yy/framework/web/CWebApplication.php(282): CController->run('dashboard')
#2 /opt/lampp/htdocs/fhuiguide/yy/framework/web/CWebApplication.php(141): CWebApplication->runController('admin/dashboard')
#3 /opt/lampp/htdocs/fhuiguide/yy/framework/base/CApplication.php(184): CWebApplication->processRequest()
#4 /opt/lampp/htdocs/fhuiguide/index.php(13): CApplication->run()
#5 {main}
REQUEST_URI=/fhuiguide/index.php?r=admin/dashboard
HTTP_REFERER=http://localhost/fhuiguide/index.php?r=admin
---
